[2024-04-10T12:47:48.989+0000] {taskinstance.py:1083} INFO - Dependencies all met for <TaskInstance: primeira_dag.task2 manual__2024-04-10T12:47:39.627867+00:00 [queued]>
[2024-04-10T12:47:49.012+0000] {taskinstance.py:1083} INFO - Dependencies all met for <TaskInstance: primeira_dag.task2 manual__2024-04-10T12:47:39.627867+00:00 [queued]>
[2024-04-10T12:47:49.012+0000] {taskinstance.py:1279} INFO - 
--------------------------------------------------------------------------------
[2024-04-10T12:47:49.013+0000] {taskinstance.py:1280} INFO - Starting attempt 1 of 1
[2024-04-10T12:47:49.013+0000] {taskinstance.py:1281} INFO - 
--------------------------------------------------------------------------------
[2024-04-10T12:47:49.049+0000] {taskinstance.py:1300} INFO - Executing <Task(BashOperator): task2> on 2024-04-10 12:47:39.627867+00:00
[2024-04-10T12:47:49.060+0000] {standard_task_runner.py:55} INFO - Started process 2479 to run task
[2024-04-10T12:47:49.065+0000] {standard_task_runner.py:82} INFO - Running: ['***', 'tasks', 'run', 'primeira_dag', 'task2', 'manual__2024-04-10T12:47:39.627867+00:00', '--job-id', '59', '--raw', '--subdir', 'DAGS_FOLDER/teste2.py', '--cfg-path', '/tmp/tmpq7jsgk20']
[2024-04-10T12:47:49.067+0000] {standard_task_runner.py:83} INFO - Job 59: Subtask task2
[2024-04-10T12:47:49.193+0000] {task_command.py:388} INFO - Running <TaskInstance: primeira_dag.task2 manual__2024-04-10T12:47:39.627867+00:00 [running]> on host 62ba7480f9ee
[2024-04-10T12:47:49.379+0000] {taskinstance.py:1509} INFO - Exporting the following env vars:
AIRFLOW_CTX_DAG_OWNER=***
AIRFLOW_CTX_DAG_ID=primeira_dag
AIRFLOW_CTX_TASK_ID=task2
AIRFLOW_CTX_EXECUTION_DATE=2024-04-10T12:47:39.627867+00:00
AIRFLOW_CTX_TRY_NUMBER=1
AIRFLOW_CTX_DAG_RUN_ID=manual__2024-04-10T12:47:39.627867+00:00
[2024-04-10T12:47:49.381+0000] {subprocess.py:63} INFO - Tmp dir root location: 
 /tmp
[2024-04-10T12:47:49.383+0000] {subprocess.py:75} INFO - Running command: ['/bin/bash', '-c', 'sleep 5']
[2024-04-10T12:47:49.403+0000] {subprocess.py:86} INFO - Output:
[2024-04-10T12:47:54.410+0000] {subprocess.py:97} INFO - Command exited with return code 0
[2024-04-10T12:47:54.465+0000] {taskinstance.py:1323} INFO - Marking task as SUCCESS. dag_id=primeira_dag, task_id=task2, execution_date=20240410T124739, start_date=20240410T124748, end_date=20240410T124754
[2024-04-10T12:47:54.546+0000] {local_task_job.py:208} INFO - Task exited with return code 0
[2024-04-10T12:47:54.587+0000] {taskinstance.py:2578} INFO - 0 downstream tasks scheduled from follow-on schedule check
