[2024-04-10T13:22:25.430+0000] {taskinstance.py:1083} INFO - Dependencies all met for <TaskInstance: segunda_dag.task1 manual__2024-04-10T13:22:07.506709+00:00 [queued]>
[2024-04-10T13:22:25.453+0000] {taskinstance.py:1083} INFO - Dependencies all met for <TaskInstance: segunda_dag.task1 manual__2024-04-10T13:22:07.506709+00:00 [queued]>
[2024-04-10T13:22:25.453+0000] {taskinstance.py:1279} INFO - 
--------------------------------------------------------------------------------
[2024-04-10T13:22:25.455+0000] {taskinstance.py:1280} INFO - Starting attempt 1 of 1
[2024-04-10T13:22:25.456+0000] {taskinstance.py:1281} INFO - 
--------------------------------------------------------------------------------
[2024-04-10T13:22:25.492+0000] {taskinstance.py:1300} INFO - Executing <Task(BashOperator): task1> on 2024-04-10 13:22:07.506709+00:00
[2024-04-10T13:22:25.502+0000] {standard_task_runner.py:55} INFO - Started process 4006 to run task
[2024-04-10T13:22:25.512+0000] {standard_task_runner.py:82} INFO - Running: ['***', 'tasks', 'run', 'segunda_dag', 'task1', 'manual__2024-04-10T13:22:07.506709+00:00', '--job-id', '63', '--raw', '--subdir', 'DAGS_FOLDER/segunda_dag.py', '--cfg-path', '/tmp/tmpnbt9vw1q']
[2024-04-10T13:22:25.513+0000] {standard_task_runner.py:83} INFO - Job 63: Subtask task1
[2024-04-10T13:22:25.636+0000] {task_command.py:388} INFO - Running <TaskInstance: segunda_dag.task1 manual__2024-04-10T13:22:07.506709+00:00 [running]> on host 62ba7480f9ee
[2024-04-10T13:22:25.794+0000] {taskinstance.py:1509} INFO - Exporting the following env vars:
AIRFLOW_CTX_DAG_OWNER=***
AIRFLOW_CTX_DAG_ID=segunda_dag
AIRFLOW_CTX_TASK_ID=task1
AIRFLOW_CTX_EXECUTION_DATE=2024-04-10T13:22:07.506709+00:00
AIRFLOW_CTX_TRY_NUMBER=1
AIRFLOW_CTX_DAG_RUN_ID=manual__2024-04-10T13:22:07.506709+00:00
[2024-04-10T13:22:25.796+0000] {subprocess.py:63} INFO - Tmp dir root location: 
 /tmp
[2024-04-10T13:22:25.798+0000] {subprocess.py:75} INFO - Running command: ['/bin/bash', '-c', 'sleep 5']
[2024-04-10T13:22:25.819+0000] {subprocess.py:86} INFO - Output:
[2024-04-10T13:22:30.836+0000] {subprocess.py:97} INFO - Command exited with return code 0
[2024-04-10T13:22:31.022+0000] {taskinstance.py:1323} INFO - Marking task as SUCCESS. dag_id=segunda_dag, task_id=task1, execution_date=20240410T132207, start_date=20240410T132225, end_date=20240410T132231
[2024-04-10T13:22:31.176+0000] {local_task_job.py:208} INFO - Task exited with return code 0
[2024-04-10T13:22:31.225+0000] {taskinstance.py:2578} INFO - 0 downstream tasks scheduled from follow-on schedule check
