[2024-04-10T12:47:41.571+0000] {taskinstance.py:1083} INFO - Dependencies all met for <TaskInstance: primeira_dag.task1 manual__2024-04-10T12:47:39.627867+00:00 [queued]>
[2024-04-10T12:47:41.620+0000] {taskinstance.py:1083} INFO - Dependencies all met for <TaskInstance: primeira_dag.task1 manual__2024-04-10T12:47:39.627867+00:00 [queued]>
[2024-04-10T12:47:41.621+0000] {taskinstance.py:1279} INFO - 
--------------------------------------------------------------------------------
[2024-04-10T12:47:41.621+0000] {taskinstance.py:1280} INFO - Starting attempt 1 of 1
[2024-04-10T12:47:41.622+0000] {taskinstance.py:1281} INFO - 
--------------------------------------------------------------------------------
[2024-04-10T12:47:41.700+0000] {taskinstance.py:1300} INFO - Executing <Task(BashOperator): task1> on 2024-04-10 12:47:39.627867+00:00
[2024-04-10T12:47:41.715+0000] {standard_task_runner.py:55} INFO - Started process 2464 to run task
[2024-04-10T12:47:41.721+0000] {standard_task_runner.py:82} INFO - Running: ['***', 'tasks', 'run', 'primeira_dag', 'task1', 'manual__2024-04-10T12:47:39.627867+00:00', '--job-id', '58', '--raw', '--subdir', 'DAGS_FOLDER/teste2.py', '--cfg-path', '/tmp/tmpa3zlq4ei']
[2024-04-10T12:47:41.728+0000] {standard_task_runner.py:83} INFO - Job 58: Subtask task1
[2024-04-10T12:47:42.011+0000] {task_command.py:388} INFO - Running <TaskInstance: primeira_dag.task1 manual__2024-04-10T12:47:39.627867+00:00 [running]> on host 62ba7480f9ee
[2024-04-10T12:47:42.147+0000] {taskinstance.py:1509} INFO - Exporting the following env vars:
AIRFLOW_CTX_DAG_OWNER=***
AIRFLOW_CTX_DAG_ID=primeira_dag
AIRFLOW_CTX_TASK_ID=task1
AIRFLOW_CTX_EXECUTION_DATE=2024-04-10T12:47:39.627867+00:00
AIRFLOW_CTX_TRY_NUMBER=1
AIRFLOW_CTX_DAG_RUN_ID=manual__2024-04-10T12:47:39.627867+00:00
[2024-04-10T12:47:42.149+0000] {subprocess.py:63} INFO - Tmp dir root location: 
 /tmp
[2024-04-10T12:47:42.150+0000] {subprocess.py:75} INFO - Running command: ['/bin/bash', '-c', 'sleep 5']
[2024-04-10T12:47:42.168+0000] {subprocess.py:86} INFO - Output:
[2024-04-10T12:47:47.182+0000] {subprocess.py:97} INFO - Command exited with return code 0
[2024-04-10T12:47:47.247+0000] {taskinstance.py:1323} INFO - Marking task as SUCCESS. dag_id=primeira_dag, task_id=task1, execution_date=20240410T124739, start_date=20240410T124741, end_date=20240410T124747
[2024-04-10T12:47:47.328+0000] {local_task_job.py:208} INFO - Task exited with return code 0
[2024-04-10T12:47:47.401+0000] {taskinstance.py:2578} INFO - 1 downstream tasks scheduled from follow-on schedule check
