[2024-04-10T13:22:18.631+0000] {taskinstance.py:1083} INFO - Dependencies all met for <TaskInstance: segunda_dag.task2 manual__2024-04-10T13:22:07.506709+00:00 [queued]>
[2024-04-10T13:22:18.678+0000] {taskinstance.py:1083} INFO - Dependencies all met for <TaskInstance: segunda_dag.task2 manual__2024-04-10T13:22:07.506709+00:00 [queued]>
[2024-04-10T13:22:18.679+0000] {taskinstance.py:1279} INFO - 
--------------------------------------------------------------------------------
[2024-04-10T13:22:18.679+0000] {taskinstance.py:1280} INFO - Starting attempt 1 of 1
[2024-04-10T13:22:18.680+0000] {taskinstance.py:1281} INFO - 
--------------------------------------------------------------------------------
[2024-04-10T13:22:18.754+0000] {taskinstance.py:1300} INFO - Executing <Task(BashOperator): task2> on 2024-04-10 13:22:07.506709+00:00
[2024-04-10T13:22:18.765+0000] {standard_task_runner.py:55} INFO - Started process 4003 to run task
[2024-04-10T13:22:18.770+0000] {standard_task_runner.py:82} INFO - Running: ['***', 'tasks', 'run', 'segunda_dag', 'task2', 'manual__2024-04-10T13:22:07.506709+00:00', '--job-id', '62', '--raw', '--subdir', 'DAGS_FOLDER/segunda_dag.py', '--cfg-path', '/tmp/tmp9ldg1y39']
[2024-04-10T13:22:18.771+0000] {standard_task_runner.py:83} INFO - Job 62: Subtask task2
[2024-04-10T13:22:18.940+0000] {task_command.py:388} INFO - Running <TaskInstance: segunda_dag.task2 manual__2024-04-10T13:22:07.506709+00:00 [running]> on host 62ba7480f9ee
[2024-04-10T13:22:19.136+0000] {taskinstance.py:1509} INFO - Exporting the following env vars:
AIRFLOW_CTX_DAG_OWNER=***
AIRFLOW_CTX_DAG_ID=segunda_dag
AIRFLOW_CTX_TASK_ID=task2
AIRFLOW_CTX_EXECUTION_DATE=2024-04-10T13:22:07.506709+00:00
AIRFLOW_CTX_TRY_NUMBER=1
AIRFLOW_CTX_DAG_RUN_ID=manual__2024-04-10T13:22:07.506709+00:00
[2024-04-10T13:22:19.157+0000] {subprocess.py:63} INFO - Tmp dir root location: 
 /tmp
[2024-04-10T13:22:19.159+0000] {subprocess.py:75} INFO - Running command: ['/bin/bash', '-c', 'sleep 5']
[2024-04-10T13:22:19.183+0000] {subprocess.py:86} INFO - Output:
[2024-04-10T13:22:24.224+0000] {subprocess.py:97} INFO - Command exited with return code 0
[2024-04-10T13:22:24.369+0000] {taskinstance.py:1323} INFO - Marking task as SUCCESS. dag_id=segunda_dag, task_id=task2, execution_date=20240410T132207, start_date=20240410T132218, end_date=20240410T132224
[2024-04-10T13:22:24.438+0000] {local_task_job.py:208} INFO - Task exited with return code 0
[2024-04-10T13:22:24.519+0000] {taskinstance.py:2578} INFO - 1 downstream tasks scheduled from follow-on schedule check
