[2024-04-10T12:47:55.450+0000] {taskinstance.py:1083} INFO - Dependencies all met for <TaskInstance: primeira_dag.task3 manual__2024-04-10T12:47:39.627867+00:00 [queued]>
[2024-04-10T12:47:55.476+0000] {taskinstance.py:1083} INFO - Dependencies all met for <TaskInstance: primeira_dag.task3 manual__2024-04-10T12:47:39.627867+00:00 [queued]>
[2024-04-10T12:47:55.477+0000] {taskinstance.py:1279} INFO - 
--------------------------------------------------------------------------------
[2024-04-10T12:47:55.477+0000] {taskinstance.py:1280} INFO - Starting attempt 1 of 1
[2024-04-10T12:47:55.478+0000] {taskinstance.py:1281} INFO - 
--------------------------------------------------------------------------------
[2024-04-10T12:47:55.519+0000] {taskinstance.py:1300} INFO - Executing <Task(BashOperator): task3> on 2024-04-10 12:47:39.627867+00:00
[2024-04-10T12:47:55.529+0000] {standard_task_runner.py:55} INFO - Started process 2482 to run task
[2024-04-10T12:47:55.534+0000] {standard_task_runner.py:82} INFO - Running: ['***', 'tasks', 'run', 'primeira_dag', 'task3', 'manual__2024-04-10T12:47:39.627867+00:00', '--job-id', '60', '--raw', '--subdir', 'DAGS_FOLDER/teste2.py', '--cfg-path', '/tmp/tmpxy04v7wi']
[2024-04-10T12:47:55.534+0000] {standard_task_runner.py:83} INFO - Job 60: Subtask task3
[2024-04-10T12:47:55.634+0000] {task_command.py:388} INFO - Running <TaskInstance: primeira_dag.task3 manual__2024-04-10T12:47:39.627867+00:00 [running]> on host 62ba7480f9ee
[2024-04-10T12:47:55.773+0000] {taskinstance.py:1509} INFO - Exporting the following env vars:
AIRFLOW_CTX_DAG_OWNER=***
AIRFLOW_CTX_DAG_ID=primeira_dag
AIRFLOW_CTX_TASK_ID=task3
AIRFLOW_CTX_EXECUTION_DATE=2024-04-10T12:47:39.627867+00:00
AIRFLOW_CTX_TRY_NUMBER=1
AIRFLOW_CTX_DAG_RUN_ID=manual__2024-04-10T12:47:39.627867+00:00
[2024-04-10T12:47:55.775+0000] {subprocess.py:63} INFO - Tmp dir root location: 
 /tmp
[2024-04-10T12:47:55.776+0000] {subprocess.py:75} INFO - Running command: ['/bin/bash', '-c', 'sleep 5']
[2024-04-10T12:47:55.792+0000] {subprocess.py:86} INFO - Output:
[2024-04-10T12:48:00.797+0000] {subprocess.py:97} INFO - Command exited with return code 0
[2024-04-10T12:48:00.857+0000] {taskinstance.py:1323} INFO - Marking task as SUCCESS. dag_id=primeira_dag, task_id=task3, execution_date=20240410T124739, start_date=20240410T124755, end_date=20240410T124800
[2024-04-10T12:48:00.931+0000] {local_task_job.py:208} INFO - Task exited with return code 0
[2024-04-10T12:48:00.969+0000] {taskinstance.py:2578} INFO - 0 downstream tasks scheduled from follow-on schedule check
