[2024-04-10T13:22:09.803+0000] {taskinstance.py:1083} INFO - Dependencies all met for <TaskInstance: segunda_dag.task3 manual__2024-04-10T13:22:07.506709+00:00 [queued]>
[2024-04-10T13:22:09.830+0000] {taskinstance.py:1083} INFO - Dependencies all met for <TaskInstance: segunda_dag.task3 manual__2024-04-10T13:22:07.506709+00:00 [queued]>
[2024-04-10T13:22:09.831+0000] {taskinstance.py:1279} INFO - 
--------------------------------------------------------------------------------
[2024-04-10T13:22:09.831+0000] {taskinstance.py:1280} INFO - Starting attempt 1 of 1
[2024-04-10T13:22:09.831+0000] {taskinstance.py:1281} INFO - 
--------------------------------------------------------------------------------
[2024-04-10T13:22:09.869+0000] {taskinstance.py:1300} INFO - Executing <Task(BashOperator): task3> on 2024-04-10 13:22:07.506709+00:00
[2024-04-10T13:22:09.877+0000] {standard_task_runner.py:55} INFO - Started process 3995 to run task
[2024-04-10T13:22:09.883+0000] {standard_task_runner.py:82} INFO - Running: ['***', 'tasks', 'run', 'segunda_dag', 'task3', 'manual__2024-04-10T13:22:07.506709+00:00', '--job-id', '61', '--raw', '--subdir', 'DAGS_FOLDER/segunda_dag.py', '--cfg-path', '/tmp/tmpody621pf']
[2024-04-10T13:22:09.884+0000] {standard_task_runner.py:83} INFO - Job 61: Subtask task3
[2024-04-10T13:22:10.021+0000] {task_command.py:388} INFO - Running <TaskInstance: segunda_dag.task3 manual__2024-04-10T13:22:07.506709+00:00 [running]> on host 62ba7480f9ee
[2024-04-10T13:22:10.173+0000] {taskinstance.py:1509} INFO - Exporting the following env vars:
AIRFLOW_CTX_DAG_OWNER=***
AIRFLOW_CTX_DAG_ID=segunda_dag
AIRFLOW_CTX_TASK_ID=task3
AIRFLOW_CTX_EXECUTION_DATE=2024-04-10T13:22:07.506709+00:00
AIRFLOW_CTX_TRY_NUMBER=1
AIRFLOW_CTX_DAG_RUN_ID=manual__2024-04-10T13:22:07.506709+00:00
[2024-04-10T13:22:10.180+0000] {subprocess.py:63} INFO - Tmp dir root location: 
 /tmp
[2024-04-10T13:22:10.182+0000] {subprocess.py:75} INFO - Running command: ['/bin/bash', '-c', 'sleep 5']
[2024-04-10T13:22:10.201+0000] {subprocess.py:86} INFO - Output:
[2024-04-10T13:22:15.234+0000] {subprocess.py:97} INFO - Command exited with return code 0
[2024-04-10T13:22:15.304+0000] {taskinstance.py:1323} INFO - Marking task as SUCCESS. dag_id=segunda_dag, task_id=task3, execution_date=20240410T132207, start_date=20240410T132209, end_date=20240410T132215
[2024-04-10T13:22:15.409+0000] {local_task_job.py:208} INFO - Task exited with return code 0
[2024-04-10T13:22:15.485+0000] {taskinstance.py:2578} INFO - 1 downstream tasks scheduled from follow-on schedule check
