[2024-04-10T12:52:25.176+0000] {processor.py:153} INFO - Started process (PID=2588) to work on /opt/airflow/dags/primeira_dag.py
[2024-04-10T12:52:25.198+0000] {processor.py:743} INFO - Processing file /opt/airflow/dags/primeira_dag.py for tasks to queue
[2024-04-10T12:52:25.200+0000] {logging_mixin.py:137} INFO - [2024-04-10T12:52:25.199+0000] {dagbag.py:538} INFO - Filling up the DagBag from /opt/airflow/dags/primeira_dag.py
[2024-04-10T12:52:25.437+0000] {processor.py:753} INFO - DAG(s) dict_keys(['primeira_dag']) retrieved from /opt/airflow/dags/primeira_dag.py
[2024-04-10T12:52:26.287+0000] {logging_mixin.py:137} INFO - [2024-04-10T12:52:26.286+0000] {dag.py:2690} INFO - Sync 1 DAGs
[2024-04-10T12:52:26.454+0000] {logging_mixin.py:137} INFO - [2024-04-10T12:52:26.454+0000] {dag.py:3441} INFO - Setting next_dagrun for primeira_dag to None, run_after=None
[2024-04-10T12:52:26.528+0000] {processor.py:175} INFO - Processing /opt/airflow/dags/primeira_dag.py took 1.360 seconds
[2024-04-10T12:52:56.853+0000] {processor.py:153} INFO - Started process (PID=2607) to work on /opt/airflow/dags/primeira_dag.py
[2024-04-10T12:52:56.860+0000] {processor.py:743} INFO - Processing file /opt/airflow/dags/primeira_dag.py for tasks to queue
[2024-04-10T12:52:56.862+0000] {logging_mixin.py:137} INFO - [2024-04-10T12:52:56.862+0000] {dagbag.py:538} INFO - Filling up the DagBag from /opt/airflow/dags/primeira_dag.py
[2024-04-10T12:52:56.904+0000] {processor.py:753} INFO - DAG(s) dict_keys(['primeira_dag']) retrieved from /opt/airflow/dags/primeira_dag.py
[2024-04-10T12:52:56.982+0000] {logging_mixin.py:137} INFO - [2024-04-10T12:52:56.981+0000] {dag.py:2690} INFO - Sync 1 DAGs
[2024-04-10T12:52:57.062+0000] {logging_mixin.py:137} INFO - [2024-04-10T12:52:57.062+0000] {dag.py:3441} INFO - Setting next_dagrun for primeira_dag to None, run_after=None
[2024-04-10T12:52:57.126+0000] {processor.py:175} INFO - Processing /opt/airflow/dags/primeira_dag.py took 0.281 seconds
[2024-04-10T12:53:27.517+0000] {processor.py:153} INFO - Started process (PID=2626) to work on /opt/airflow/dags/primeira_dag.py
[2024-04-10T12:53:27.523+0000] {processor.py:743} INFO - Processing file /opt/airflow/dags/primeira_dag.py for tasks to queue
[2024-04-10T12:53:27.525+0000] {logging_mixin.py:137} INFO - [2024-04-10T12:53:27.524+0000] {dagbag.py:538} INFO - Filling up the DagBag from /opt/airflow/dags/primeira_dag.py
[2024-04-10T12:53:27.609+0000] {processor.py:753} INFO - DAG(s) dict_keys(['primeira_dag']) retrieved from /opt/airflow/dags/primeira_dag.py
[2024-04-10T12:53:27.694+0000] {logging_mixin.py:137} INFO - [2024-04-10T12:53:27.693+0000] {dag.py:2690} INFO - Sync 1 DAGs
[2024-04-10T12:53:27.792+0000] {logging_mixin.py:137} INFO - [2024-04-10T12:53:27.791+0000] {dag.py:3441} INFO - Setting next_dagrun for primeira_dag to None, run_after=None
[2024-04-10T12:53:27.867+0000] {processor.py:175} INFO - Processing /opt/airflow/dags/primeira_dag.py took 0.359 seconds
[2024-04-10T12:53:58.288+0000] {processor.py:153} INFO - Started process (PID=2649) to work on /opt/airflow/dags/primeira_dag.py
[2024-04-10T12:53:58.296+0000] {processor.py:743} INFO - Processing file /opt/airflow/dags/primeira_dag.py for tasks to queue
[2024-04-10T12:53:58.298+0000] {logging_mixin.py:137} INFO - [2024-04-10T12:53:58.297+0000] {dagbag.py:538} INFO - Filling up the DagBag from /opt/airflow/dags/primeira_dag.py
[2024-04-10T12:53:58.345+0000] {processor.py:753} INFO - DAG(s) dict_keys(['primeira_dag']) retrieved from /opt/airflow/dags/primeira_dag.py
[2024-04-10T12:53:58.468+0000] {logging_mixin.py:137} INFO - [2024-04-10T12:53:58.468+0000] {dag.py:2690} INFO - Sync 1 DAGs
[2024-04-10T12:53:58.594+0000] {logging_mixin.py:137} INFO - [2024-04-10T12:53:58.594+0000] {dag.py:3441} INFO - Setting next_dagrun for primeira_dag to None, run_after=None
[2024-04-10T12:53:58.680+0000] {processor.py:175} INFO - Processing /opt/airflow/dags/primeira_dag.py took 0.415 seconds
[2024-04-10T12:54:29.030+0000] {processor.py:153} INFO - Started process (PID=2666) to work on /opt/airflow/dags/primeira_dag.py
[2024-04-10T12:54:29.031+0000] {processor.py:743} INFO - Processing file /opt/airflow/dags/primeira_dag.py for tasks to queue
[2024-04-10T12:54:29.034+0000] {logging_mixin.py:137} INFO - [2024-04-10T12:54:29.033+0000] {dagbag.py:538} INFO - Filling up the DagBag from /opt/airflow/dags/primeira_dag.py
[2024-04-10T12:54:29.076+0000] {processor.py:753} INFO - DAG(s) dict_keys(['primeira_dag']) retrieved from /opt/airflow/dags/primeira_dag.py
[2024-04-10T12:54:29.159+0000] {logging_mixin.py:137} INFO - [2024-04-10T12:54:29.159+0000] {dag.py:2690} INFO - Sync 1 DAGs
[2024-04-10T12:54:29.273+0000] {logging_mixin.py:137} INFO - [2024-04-10T12:54:29.273+0000] {dag.py:3441} INFO - Setting next_dagrun for primeira_dag to None, run_after=None
[2024-04-10T12:54:29.328+0000] {processor.py:175} INFO - Processing /opt/airflow/dags/primeira_dag.py took 0.311 seconds
[2024-04-10T12:54:59.639+0000] {processor.py:153} INFO - Started process (PID=2693) to work on /opt/airflow/dags/primeira_dag.py
[2024-04-10T12:54:59.642+0000] {processor.py:743} INFO - Processing file /opt/airflow/dags/primeira_dag.py for tasks to queue
[2024-04-10T12:54:59.644+0000] {logging_mixin.py:137} INFO - [2024-04-10T12:54:59.643+0000] {dagbag.py:538} INFO - Filling up the DagBag from /opt/airflow/dags/primeira_dag.py
[2024-04-10T12:54:59.691+0000] {processor.py:753} INFO - DAG(s) dict_keys(['primeira_dag']) retrieved from /opt/airflow/dags/primeira_dag.py
[2024-04-10T12:54:59.775+0000] {logging_mixin.py:137} INFO - [2024-04-10T12:54:59.775+0000] {dag.py:2690} INFO - Sync 1 DAGs
[2024-04-10T12:54:59.890+0000] {logging_mixin.py:137} INFO - [2024-04-10T12:54:59.890+0000] {dag.py:3441} INFO - Setting next_dagrun for primeira_dag to None, run_after=None
[2024-04-10T12:54:59.971+0000] {processor.py:175} INFO - Processing /opt/airflow/dags/primeira_dag.py took 0.340 seconds
[2024-04-10T12:55:30.349+0000] {processor.py:153} INFO - Started process (PID=2719) to work on /opt/airflow/dags/primeira_dag.py
[2024-04-10T12:55:30.355+0000] {processor.py:743} INFO - Processing file /opt/airflow/dags/primeira_dag.py for tasks to queue
[2024-04-10T12:55:30.361+0000] {logging_mixin.py:137} INFO - [2024-04-10T12:55:30.356+0000] {dagbag.py:538} INFO - Filling up the DagBag from /opt/airflow/dags/primeira_dag.py
[2024-04-10T12:55:30.415+0000] {processor.py:753} INFO - DAG(s) dict_keys(['primeira_dag']) retrieved from /opt/airflow/dags/primeira_dag.py
[2024-04-10T12:55:30.568+0000] {logging_mixin.py:137} INFO - [2024-04-10T12:55:30.567+0000] {dag.py:2690} INFO - Sync 1 DAGs
[2024-04-10T12:55:30.914+0000] {logging_mixin.py:137} INFO - [2024-04-10T12:55:30.914+0000] {dag.py:3441} INFO - Setting next_dagrun for primeira_dag to None, run_after=None
[2024-04-10T12:55:31.183+0000] {processor.py:175} INFO - Processing /opt/airflow/dags/primeira_dag.py took 0.850 seconds
[2024-04-10T12:56:01.259+0000] {processor.py:153} INFO - Started process (PID=2733) to work on /opt/airflow/dags/primeira_dag.py
[2024-04-10T12:56:01.262+0000] {processor.py:743} INFO - Processing file /opt/airflow/dags/primeira_dag.py for tasks to queue
[2024-04-10T12:56:01.264+0000] {logging_mixin.py:137} INFO - [2024-04-10T12:56:01.263+0000] {dagbag.py:538} INFO - Filling up the DagBag from /opt/airflow/dags/primeira_dag.py
[2024-04-10T12:56:01.301+0000] {processor.py:753} INFO - DAG(s) dict_keys(['primeira_dag']) retrieved from /opt/airflow/dags/primeira_dag.py
[2024-04-10T12:56:01.374+0000] {logging_mixin.py:137} INFO - [2024-04-10T12:56:01.374+0000] {dag.py:2690} INFO - Sync 1 DAGs
[2024-04-10T12:56:01.463+0000] {logging_mixin.py:137} INFO - [2024-04-10T12:56:01.463+0000] {dag.py:3441} INFO - Setting next_dagrun for primeira_dag to None, run_after=None
[2024-04-10T12:56:01.524+0000] {processor.py:175} INFO - Processing /opt/airflow/dags/primeira_dag.py took 0.273 seconds
[2024-04-10T12:56:31.928+0000] {processor.py:153} INFO - Started process (PID=2759) to work on /opt/airflow/dags/primeira_dag.py
[2024-04-10T12:56:31.930+0000] {processor.py:743} INFO - Processing file /opt/airflow/dags/primeira_dag.py for tasks to queue
[2024-04-10T12:56:31.931+0000] {logging_mixin.py:137} INFO - [2024-04-10T12:56:31.931+0000] {dagbag.py:538} INFO - Filling up the DagBag from /opt/airflow/dags/primeira_dag.py
[2024-04-10T12:56:31.963+0000] {processor.py:753} INFO - DAG(s) dict_keys(['primeira_dag']) retrieved from /opt/airflow/dags/primeira_dag.py
[2024-04-10T12:56:32.043+0000] {logging_mixin.py:137} INFO - [2024-04-10T12:56:32.042+0000] {dag.py:2690} INFO - Sync 1 DAGs
[2024-04-10T12:56:32.165+0000] {logging_mixin.py:137} INFO - [2024-04-10T12:56:32.165+0000] {dag.py:3441} INFO - Setting next_dagrun for primeira_dag to None, run_after=None
[2024-04-10T12:56:32.346+0000] {processor.py:175} INFO - Processing /opt/airflow/dags/primeira_dag.py took 0.427 seconds
[2024-04-10T12:57:02.669+0000] {processor.py:153} INFO - Started process (PID=2786) to work on /opt/airflow/dags/primeira_dag.py
[2024-04-10T12:57:02.677+0000] {processor.py:743} INFO - Processing file /opt/airflow/dags/primeira_dag.py for tasks to queue
[2024-04-10T12:57:02.681+0000] {logging_mixin.py:137} INFO - [2024-04-10T12:57:02.679+0000] {dagbag.py:538} INFO - Filling up the DagBag from /opt/airflow/dags/primeira_dag.py
[2024-04-10T12:57:02.764+0000] {processor.py:753} INFO - DAG(s) dict_keys(['primeira_dag']) retrieved from /opt/airflow/dags/primeira_dag.py
[2024-04-10T12:57:02.877+0000] {logging_mixin.py:137} INFO - [2024-04-10T12:57:02.877+0000] {dag.py:2690} INFO - Sync 1 DAGs
[2024-04-10T12:57:03.003+0000] {logging_mixin.py:137} INFO - [2024-04-10T12:57:03.002+0000] {dag.py:3441} INFO - Setting next_dagrun for primeira_dag to None, run_after=None
[2024-04-10T12:57:03.091+0000] {processor.py:175} INFO - Processing /opt/airflow/dags/primeira_dag.py took 0.433 seconds
[2024-04-10T12:57:33.588+0000] {processor.py:153} INFO - Started process (PID=2812) to work on /opt/airflow/dags/primeira_dag.py
[2024-04-10T12:57:33.600+0000] {processor.py:743} INFO - Processing file /opt/airflow/dags/primeira_dag.py for tasks to queue
[2024-04-10T12:57:33.602+0000] {logging_mixin.py:137} INFO - [2024-04-10T12:57:33.602+0000] {dagbag.py:538} INFO - Filling up the DagBag from /opt/airflow/dags/primeira_dag.py
[2024-04-10T12:57:33.645+0000] {processor.py:753} INFO - DAG(s) dict_keys(['primeira_dag']) retrieved from /opt/airflow/dags/primeira_dag.py
[2024-04-10T12:57:33.731+0000] {logging_mixin.py:137} INFO - [2024-04-10T12:57:33.730+0000] {dag.py:2690} INFO - Sync 1 DAGs
[2024-04-10T12:57:33.839+0000] {logging_mixin.py:137} INFO - [2024-04-10T12:57:33.839+0000] {dag.py:3441} INFO - Setting next_dagrun for primeira_dag to None, run_after=None
[2024-04-10T12:57:33.961+0000] {processor.py:175} INFO - Processing /opt/airflow/dags/primeira_dag.py took 0.383 seconds
[2024-04-10T12:58:04.226+0000] {processor.py:153} INFO - Started process (PID=2838) to work on /opt/airflow/dags/primeira_dag.py
[2024-04-10T12:58:04.232+0000] {processor.py:743} INFO - Processing file /opt/airflow/dags/primeira_dag.py for tasks to queue
[2024-04-10T12:58:04.234+0000] {logging_mixin.py:137} INFO - [2024-04-10T12:58:04.234+0000] {dagbag.py:538} INFO - Filling up the DagBag from /opt/airflow/dags/primeira_dag.py
[2024-04-10T12:58:04.289+0000] {processor.py:753} INFO - DAG(s) dict_keys(['primeira_dag']) retrieved from /opt/airflow/dags/primeira_dag.py
[2024-04-10T12:58:04.376+0000] {logging_mixin.py:137} INFO - [2024-04-10T12:58:04.376+0000] {dag.py:2690} INFO - Sync 1 DAGs
[2024-04-10T12:58:04.487+0000] {logging_mixin.py:137} INFO - [2024-04-10T12:58:04.487+0000] {dag.py:3441} INFO - Setting next_dagrun for primeira_dag to None, run_after=None
[2024-04-10T12:58:04.570+0000] {processor.py:175} INFO - Processing /opt/airflow/dags/primeira_dag.py took 0.353 seconds
[2024-04-10T12:58:34.916+0000] {processor.py:153} INFO - Started process (PID=2863) to work on /opt/airflow/dags/primeira_dag.py
[2024-04-10T12:58:34.924+0000] {processor.py:743} INFO - Processing file /opt/airflow/dags/primeira_dag.py for tasks to queue
[2024-04-10T12:58:34.932+0000] {logging_mixin.py:137} INFO - [2024-04-10T12:58:34.931+0000] {dagbag.py:538} INFO - Filling up the DagBag from /opt/airflow/dags/primeira_dag.py
[2024-04-10T12:58:34.986+0000] {processor.py:753} INFO - DAG(s) dict_keys(['primeira_dag']) retrieved from /opt/airflow/dags/primeira_dag.py
[2024-04-10T12:58:35.073+0000] {logging_mixin.py:137} INFO - [2024-04-10T12:58:35.073+0000] {dag.py:2690} INFO - Sync 1 DAGs
[2024-04-10T12:58:35.184+0000] {logging_mixin.py:137} INFO - [2024-04-10T12:58:35.183+0000] {dag.py:3441} INFO - Setting next_dagrun for primeira_dag to None, run_after=None
[2024-04-10T12:58:35.282+0000] {processor.py:175} INFO - Processing /opt/airflow/dags/primeira_dag.py took 0.375 seconds
[2024-04-10T12:59:05.574+0000] {processor.py:153} INFO - Started process (PID=2880) to work on /opt/airflow/dags/primeira_dag.py
[2024-04-10T12:59:05.575+0000] {processor.py:743} INFO - Processing file /opt/airflow/dags/primeira_dag.py for tasks to queue
[2024-04-10T12:59:05.577+0000] {logging_mixin.py:137} INFO - [2024-04-10T12:59:05.577+0000] {dagbag.py:538} INFO - Filling up the DagBag from /opt/airflow/dags/primeira_dag.py
[2024-04-10T12:59:05.633+0000] {processor.py:753} INFO - DAG(s) dict_keys(['primeira_dag']) retrieved from /opt/airflow/dags/primeira_dag.py
[2024-04-10T12:59:05.736+0000] {logging_mixin.py:137} INFO - [2024-04-10T12:59:05.735+0000] {dag.py:2690} INFO - Sync 1 DAGs
[2024-04-10T12:59:05.900+0000] {logging_mixin.py:137} INFO - [2024-04-10T12:59:05.899+0000] {dag.py:3441} INFO - Setting next_dagrun for primeira_dag to None, run_after=None
[2024-04-10T12:59:05.987+0000] {processor.py:175} INFO - Processing /opt/airflow/dags/primeira_dag.py took 0.429 seconds
[2024-04-10T12:59:36.340+0000] {processor.py:153} INFO - Started process (PID=2906) to work on /opt/airflow/dags/primeira_dag.py
[2024-04-10T12:59:36.343+0000] {processor.py:743} INFO - Processing file /opt/airflow/dags/primeira_dag.py for tasks to queue
[2024-04-10T12:59:36.345+0000] {logging_mixin.py:137} INFO - [2024-04-10T12:59:36.344+0000] {dagbag.py:538} INFO - Filling up the DagBag from /opt/airflow/dags/primeira_dag.py
[2024-04-10T12:59:36.371+0000] {processor.py:753} INFO - DAG(s) dict_keys(['primeira_dag']) retrieved from /opt/airflow/dags/primeira_dag.py
[2024-04-10T12:59:36.419+0000] {logging_mixin.py:137} INFO - [2024-04-10T12:59:36.419+0000] {dag.py:2690} INFO - Sync 1 DAGs
[2024-04-10T12:59:36.471+0000] {logging_mixin.py:137} INFO - [2024-04-10T12:59:36.471+0000] {dag.py:3441} INFO - Setting next_dagrun for primeira_dag to None, run_after=None
[2024-04-10T12:59:36.524+0000] {processor.py:175} INFO - Processing /opt/airflow/dags/primeira_dag.py took 0.197 seconds
[2024-04-10T13:00:06.834+0000] {processor.py:153} INFO - Started process (PID=2932) to work on /opt/airflow/dags/primeira_dag.py
[2024-04-10T13:00:06.837+0000] {processor.py:743} INFO - Processing file /opt/airflow/dags/primeira_dag.py for tasks to queue
[2024-04-10T13:00:06.839+0000] {logging_mixin.py:137} INFO - [2024-04-10T13:00:06.839+0000] {dagbag.py:538} INFO - Filling up the DagBag from /opt/airflow/dags/primeira_dag.py
[2024-04-10T13:00:06.866+0000] {processor.py:753} INFO - DAG(s) dict_keys(['primeira_dag']) retrieved from /opt/airflow/dags/primeira_dag.py
[2024-04-10T13:00:06.918+0000] {logging_mixin.py:137} INFO - [2024-04-10T13:00:06.918+0000] {dag.py:2690} INFO - Sync 1 DAGs
[2024-04-10T13:00:06.967+0000] {logging_mixin.py:137} INFO - [2024-04-10T13:00:06.966+0000] {dag.py:3441} INFO - Setting next_dagrun for primeira_dag to None, run_after=None
[2024-04-10T13:00:07.012+0000] {processor.py:175} INFO - Processing /opt/airflow/dags/primeira_dag.py took 0.188 seconds
[2024-04-10T13:00:37.326+0000] {processor.py:153} INFO - Started process (PID=2965) to work on /opt/airflow/dags/primeira_dag.py
[2024-04-10T13:00:37.331+0000] {processor.py:743} INFO - Processing file /opt/airflow/dags/primeira_dag.py for tasks to queue
[2024-04-10T13:00:37.332+0000] {logging_mixin.py:137} INFO - [2024-04-10T13:00:37.332+0000] {dagbag.py:538} INFO - Filling up the DagBag from /opt/airflow/dags/primeira_dag.py
[2024-04-10T13:00:37.365+0000] {processor.py:753} INFO - DAG(s) dict_keys(['primeira_dag']) retrieved from /opt/airflow/dags/primeira_dag.py
[2024-04-10T13:00:37.436+0000] {logging_mixin.py:137} INFO - [2024-04-10T13:00:37.436+0000] {dag.py:2690} INFO - Sync 1 DAGs
[2024-04-10T13:00:37.530+0000] {logging_mixin.py:137} INFO - [2024-04-10T13:00:37.530+0000] {dag.py:3441} INFO - Setting next_dagrun for primeira_dag to None, run_after=None
[2024-04-10T13:00:37.581+0000] {processor.py:175} INFO - Processing /opt/airflow/dags/primeira_dag.py took 0.261 seconds
[2024-04-10T13:01:07.886+0000] {processor.py:153} INFO - Started process (PID=2993) to work on /opt/airflow/dags/primeira_dag.py
[2024-04-10T13:01:07.888+0000] {processor.py:743} INFO - Processing file /opt/airflow/dags/primeira_dag.py for tasks to queue
[2024-04-10T13:01:07.889+0000] {logging_mixin.py:137} INFO - [2024-04-10T13:01:07.889+0000] {dagbag.py:538} INFO - Filling up the DagBag from /opt/airflow/dags/primeira_dag.py
[2024-04-10T13:01:07.938+0000] {processor.py:753} INFO - DAG(s) dict_keys(['primeira_dag']) retrieved from /opt/airflow/dags/primeira_dag.py
[2024-04-10T13:01:08.001+0000] {logging_mixin.py:137} INFO - [2024-04-10T13:01:08.001+0000] {dag.py:2690} INFO - Sync 1 DAGs
[2024-04-10T13:01:08.072+0000] {logging_mixin.py:137} INFO - [2024-04-10T13:01:08.072+0000] {dag.py:3441} INFO - Setting next_dagrun for primeira_dag to None, run_after=None
[2024-04-10T13:01:08.124+0000] {processor.py:175} INFO - Processing /opt/airflow/dags/primeira_dag.py took 0.252 seconds
[2024-04-10T13:01:38.408+0000] {processor.py:153} INFO - Started process (PID=3022) to work on /opt/airflow/dags/primeira_dag.py
[2024-04-10T13:01:38.410+0000] {processor.py:743} INFO - Processing file /opt/airflow/dags/primeira_dag.py for tasks to queue
[2024-04-10T13:01:38.411+0000] {logging_mixin.py:137} INFO - [2024-04-10T13:01:38.411+0000] {dagbag.py:538} INFO - Filling up the DagBag from /opt/airflow/dags/primeira_dag.py
[2024-04-10T13:01:38.442+0000] {processor.py:753} INFO - DAG(s) dict_keys(['primeira_dag']) retrieved from /opt/airflow/dags/primeira_dag.py
[2024-04-10T13:01:38.504+0000] {logging_mixin.py:137} INFO - [2024-04-10T13:01:38.503+0000] {dag.py:2690} INFO - Sync 1 DAGs
[2024-04-10T13:01:38.573+0000] {logging_mixin.py:137} INFO - [2024-04-10T13:01:38.572+0000] {dag.py:3441} INFO - Setting next_dagrun for primeira_dag to None, run_after=None
[2024-04-10T13:01:38.628+0000] {processor.py:175} INFO - Processing /opt/airflow/dags/primeira_dag.py took 0.227 seconds
[2024-04-10T13:02:08.983+0000] {processor.py:153} INFO - Started process (PID=3048) to work on /opt/airflow/dags/primeira_dag.py
[2024-04-10T13:02:09.017+0000] {processor.py:743} INFO - Processing file /opt/airflow/dags/primeira_dag.py for tasks to queue
[2024-04-10T13:02:09.019+0000] {logging_mixin.py:137} INFO - [2024-04-10T13:02:09.019+0000] {dagbag.py:538} INFO - Filling up the DagBag from /opt/airflow/dags/primeira_dag.py
[2024-04-10T13:02:09.249+0000] {processor.py:753} INFO - DAG(s) dict_keys(['primeira_dag']) retrieved from /opt/airflow/dags/primeira_dag.py
[2024-04-10T13:02:09.489+0000] {logging_mixin.py:137} INFO - [2024-04-10T13:02:09.488+0000] {dag.py:2690} INFO - Sync 1 DAGs
[2024-04-10T13:02:09.661+0000] {logging_mixin.py:137} INFO - [2024-04-10T13:02:09.661+0000] {dag.py:3441} INFO - Setting next_dagrun for primeira_dag to None, run_after=None
[2024-04-10T13:02:09.954+0000] {processor.py:175} INFO - Processing /opt/airflow/dags/primeira_dag.py took 1.017 seconds
[2024-04-10T13:02:40.660+0000] {processor.py:153} INFO - Started process (PID=3063) to work on /opt/airflow/dags/primeira_dag.py
[2024-04-10T13:02:40.662+0000] {processor.py:743} INFO - Processing file /opt/airflow/dags/primeira_dag.py for tasks to queue
[2024-04-10T13:02:40.664+0000] {logging_mixin.py:137} INFO - [2024-04-10T13:02:40.663+0000] {dagbag.py:538} INFO - Filling up the DagBag from /opt/airflow/dags/primeira_dag.py
[2024-04-10T13:02:40.711+0000] {processor.py:753} INFO - DAG(s) dict_keys(['primeira_dag']) retrieved from /opt/airflow/dags/primeira_dag.py
[2024-04-10T13:02:40.879+0000] {logging_mixin.py:137} INFO - [2024-04-10T13:02:40.879+0000] {dag.py:2690} INFO - Sync 1 DAGs
[2024-04-10T13:02:40.972+0000] {logging_mixin.py:137} INFO - [2024-04-10T13:02:40.971+0000] {dag.py:3441} INFO - Setting next_dagrun for primeira_dag to None, run_after=None
[2024-04-10T13:02:41.066+0000] {processor.py:175} INFO - Processing /opt/airflow/dags/primeira_dag.py took 0.415 seconds
[2024-04-10T13:03:11.794+0000] {processor.py:153} INFO - Started process (PID=3089) to work on /opt/airflow/dags/primeira_dag.py
[2024-04-10T13:03:11.796+0000] {processor.py:743} INFO - Processing file /opt/airflow/dags/primeira_dag.py for tasks to queue
[2024-04-10T13:03:11.798+0000] {logging_mixin.py:137} INFO - [2024-04-10T13:03:11.797+0000] {dagbag.py:538} INFO - Filling up the DagBag from /opt/airflow/dags/primeira_dag.py
[2024-04-10T13:03:11.922+0000] {processor.py:753} INFO - DAG(s) dict_keys(['primeira_dag']) retrieved from /opt/airflow/dags/primeira_dag.py
[2024-04-10T13:03:12.135+0000] {logging_mixin.py:137} INFO - [2024-04-10T13:03:12.134+0000] {dag.py:2690} INFO - Sync 1 DAGs
[2024-04-10T13:03:12.314+0000] {logging_mixin.py:137} INFO - [2024-04-10T13:03:12.314+0000] {dag.py:3441} INFO - Setting next_dagrun for primeira_dag to None, run_after=None
[2024-04-10T13:03:12.458+0000] {processor.py:175} INFO - Processing /opt/airflow/dags/primeira_dag.py took 0.685 seconds
[2024-04-10T13:03:43.006+0000] {processor.py:153} INFO - Started process (PID=3110) to work on /opt/airflow/dags/primeira_dag.py
[2024-04-10T13:03:43.008+0000] {processor.py:743} INFO - Processing file /opt/airflow/dags/primeira_dag.py for tasks to queue
[2024-04-10T13:03:43.009+0000] {logging_mixin.py:137} INFO - [2024-04-10T13:03:43.009+0000] {dagbag.py:538} INFO - Filling up the DagBag from /opt/airflow/dags/primeira_dag.py
[2024-04-10T13:03:43.069+0000] {processor.py:753} INFO - DAG(s) dict_keys(['primeira_dag']) retrieved from /opt/airflow/dags/primeira_dag.py
[2024-04-10T13:03:43.223+0000] {logging_mixin.py:137} INFO - [2024-04-10T13:03:43.223+0000] {dag.py:2690} INFO - Sync 1 DAGs
[2024-04-10T13:03:43.367+0000] {logging_mixin.py:137} INFO - [2024-04-10T13:03:43.366+0000] {dag.py:3441} INFO - Setting next_dagrun for primeira_dag to None, run_after=None
[2024-04-10T13:03:43.420+0000] {processor.py:175} INFO - Processing /opt/airflow/dags/primeira_dag.py took 0.426 seconds
[2024-04-10T13:04:13.739+0000] {processor.py:153} INFO - Started process (PID=3129) to work on /opt/airflow/dags/primeira_dag.py
[2024-04-10T13:04:13.760+0000] {processor.py:743} INFO - Processing file /opt/airflow/dags/primeira_dag.py for tasks to queue
[2024-04-10T13:04:13.763+0000] {logging_mixin.py:137} INFO - [2024-04-10T13:04:13.762+0000] {dagbag.py:538} INFO - Filling up the DagBag from /opt/airflow/dags/primeira_dag.py
[2024-04-10T13:04:13.816+0000] {processor.py:753} INFO - DAG(s) dict_keys(['primeira_dag']) retrieved from /opt/airflow/dags/primeira_dag.py
[2024-04-10T13:04:13.865+0000] {logging_mixin.py:137} INFO - [2024-04-10T13:04:13.864+0000] {dag.py:2690} INFO - Sync 1 DAGs
[2024-04-10T13:04:13.919+0000] {logging_mixin.py:137} INFO - [2024-04-10T13:04:13.919+0000] {dag.py:3441} INFO - Setting next_dagrun for primeira_dag to None, run_after=None
[2024-04-10T13:04:13.979+0000] {processor.py:175} INFO - Processing /opt/airflow/dags/primeira_dag.py took 0.256 seconds
[2024-04-10T13:04:44.196+0000] {processor.py:153} INFO - Started process (PID=3156) to work on /opt/airflow/dags/primeira_dag.py
[2024-04-10T13:04:44.212+0000] {processor.py:743} INFO - Processing file /opt/airflow/dags/primeira_dag.py for tasks to queue
[2024-04-10T13:04:44.220+0000] {logging_mixin.py:137} INFO - [2024-04-10T13:04:44.219+0000] {dagbag.py:538} INFO - Filling up the DagBag from /opt/airflow/dags/primeira_dag.py
[2024-04-10T13:04:44.361+0000] {processor.py:753} INFO - DAG(s) dict_keys(['primeira_dag']) retrieved from /opt/airflow/dags/primeira_dag.py
[2024-04-10T13:04:44.460+0000] {logging_mixin.py:137} INFO - [2024-04-10T13:04:44.460+0000] {dag.py:2690} INFO - Sync 1 DAGs
[2024-04-10T13:04:44.537+0000] {logging_mixin.py:137} INFO - [2024-04-10T13:04:44.537+0000] {dag.py:3441} INFO - Setting next_dagrun for primeira_dag to None, run_after=None
[2024-04-10T13:04:44.574+0000] {processor.py:175} INFO - Processing /opt/airflow/dags/primeira_dag.py took 0.398 seconds
[2024-04-10T13:05:15.563+0000] {processor.py:153} INFO - Started process (PID=3181) to work on /opt/airflow/dags/primeira_dag.py
[2024-04-10T13:05:15.568+0000] {processor.py:743} INFO - Processing file /opt/airflow/dags/primeira_dag.py for tasks to queue
[2024-04-10T13:05:15.570+0000] {logging_mixin.py:137} INFO - [2024-04-10T13:05:15.570+0000] {dagbag.py:538} INFO - Filling up the DagBag from /opt/airflow/dags/primeira_dag.py
[2024-04-10T13:05:15.649+0000] {processor.py:753} INFO - DAG(s) dict_keys(['primeira_dag']) retrieved from /opt/airflow/dags/primeira_dag.py
[2024-04-10T13:05:15.721+0000] {logging_mixin.py:137} INFO - [2024-04-10T13:05:15.721+0000] {dag.py:2690} INFO - Sync 1 DAGs
[2024-04-10T13:05:15.812+0000] {logging_mixin.py:137} INFO - [2024-04-10T13:05:15.811+0000] {dag.py:3441} INFO - Setting next_dagrun for primeira_dag to None, run_after=None
[2024-04-10T13:05:15.872+0000] {processor.py:175} INFO - Processing /opt/airflow/dags/primeira_dag.py took 0.326 seconds
[2024-04-10T13:05:46.230+0000] {processor.py:153} INFO - Started process (PID=3206) to work on /opt/airflow/dags/primeira_dag.py
[2024-04-10T13:05:46.233+0000] {processor.py:743} INFO - Processing file /opt/airflow/dags/primeira_dag.py for tasks to queue
[2024-04-10T13:05:46.237+0000] {logging_mixin.py:137} INFO - [2024-04-10T13:05:46.234+0000] {dagbag.py:538} INFO - Filling up the DagBag from /opt/airflow/dags/primeira_dag.py
[2024-04-10T13:05:46.288+0000] {processor.py:753} INFO - DAG(s) dict_keys(['primeira_dag']) retrieved from /opt/airflow/dags/primeira_dag.py
[2024-04-10T13:05:46.385+0000] {logging_mixin.py:137} INFO - [2024-04-10T13:05:46.384+0000] {dag.py:2690} INFO - Sync 1 DAGs
[2024-04-10T13:05:46.486+0000] {logging_mixin.py:137} INFO - [2024-04-10T13:05:46.486+0000] {dag.py:3441} INFO - Setting next_dagrun for primeira_dag to None, run_after=None
[2024-04-10T13:05:46.569+0000] {processor.py:175} INFO - Processing /opt/airflow/dags/primeira_dag.py took 0.353 seconds
[2024-04-10T13:06:16.883+0000] {processor.py:153} INFO - Started process (PID=3233) to work on /opt/airflow/dags/primeira_dag.py
[2024-04-10T13:06:16.886+0000] {processor.py:743} INFO - Processing file /opt/airflow/dags/primeira_dag.py for tasks to queue
[2024-04-10T13:06:16.890+0000] {logging_mixin.py:137} INFO - [2024-04-10T13:06:16.890+0000] {dagbag.py:538} INFO - Filling up the DagBag from /opt/airflow/dags/primeira_dag.py
[2024-04-10T13:06:16.946+0000] {processor.py:753} INFO - DAG(s) dict_keys(['primeira_dag']) retrieved from /opt/airflow/dags/primeira_dag.py
[2024-04-10T13:06:17.052+0000] {logging_mixin.py:137} INFO - [2024-04-10T13:06:17.052+0000] {dag.py:2690} INFO - Sync 1 DAGs
[2024-04-10T13:06:17.151+0000] {logging_mixin.py:137} INFO - [2024-04-10T13:06:17.151+0000] {dag.py:3441} INFO - Setting next_dagrun for primeira_dag to None, run_after=None
[2024-04-10T13:06:17.241+0000] {processor.py:175} INFO - Processing /opt/airflow/dags/primeira_dag.py took 0.369 seconds
[2024-04-10T13:06:47.579+0000] {processor.py:153} INFO - Started process (PID=3256) to work on /opt/airflow/dags/primeira_dag.py
[2024-04-10T13:06:47.584+0000] {processor.py:743} INFO - Processing file /opt/airflow/dags/primeira_dag.py for tasks to queue
[2024-04-10T13:06:47.588+0000] {logging_mixin.py:137} INFO - [2024-04-10T13:06:47.588+0000] {dagbag.py:538} INFO - Filling up the DagBag from /opt/airflow/dags/primeira_dag.py
[2024-04-10T13:06:47.630+0000] {processor.py:753} INFO - DAG(s) dict_keys(['primeira_dag']) retrieved from /opt/airflow/dags/primeira_dag.py
[2024-04-10T13:06:47.696+0000] {logging_mixin.py:137} INFO - [2024-04-10T13:06:47.696+0000] {dag.py:2690} INFO - Sync 1 DAGs
[2024-04-10T13:06:47.786+0000] {logging_mixin.py:137} INFO - [2024-04-10T13:06:47.785+0000] {dag.py:3441} INFO - Setting next_dagrun for primeira_dag to None, run_after=None
[2024-04-10T13:06:47.842+0000] {processor.py:175} INFO - Processing /opt/airflow/dags/primeira_dag.py took 0.273 seconds
[2024-04-10T13:07:18.189+0000] {processor.py:153} INFO - Started process (PID=3273) to work on /opt/airflow/dags/primeira_dag.py
[2024-04-10T13:07:18.203+0000] {processor.py:743} INFO - Processing file /opt/airflow/dags/primeira_dag.py for tasks to queue
[2024-04-10T13:07:18.208+0000] {logging_mixin.py:137} INFO - [2024-04-10T13:07:18.206+0000] {dagbag.py:538} INFO - Filling up the DagBag from /opt/airflow/dags/primeira_dag.py
[2024-04-10T13:07:18.310+0000] {processor.py:753} INFO - DAG(s) dict_keys(['primeira_dag']) retrieved from /opt/airflow/dags/primeira_dag.py
[2024-04-10T13:07:18.392+0000] {logging_mixin.py:137} INFO - [2024-04-10T13:07:18.391+0000] {dag.py:2690} INFO - Sync 1 DAGs
[2024-04-10T13:07:18.447+0000] {logging_mixin.py:137} INFO - [2024-04-10T13:07:18.446+0000] {dag.py:3441} INFO - Setting next_dagrun for primeira_dag to None, run_after=None
[2024-04-10T13:07:18.491+0000] {processor.py:175} INFO - Processing /opt/airflow/dags/primeira_dag.py took 0.325 seconds
[2024-04-10T13:07:48.776+0000] {processor.py:153} INFO - Started process (PID=3299) to work on /opt/airflow/dags/primeira_dag.py
[2024-04-10T13:07:48.781+0000] {processor.py:743} INFO - Processing file /opt/airflow/dags/primeira_dag.py for tasks to queue
[2024-04-10T13:07:48.784+0000] {logging_mixin.py:137} INFO - [2024-04-10T13:07:48.783+0000] {dagbag.py:538} INFO - Filling up the DagBag from /opt/airflow/dags/primeira_dag.py
[2024-04-10T13:07:48.839+0000] {processor.py:753} INFO - DAG(s) dict_keys(['primeira_dag']) retrieved from /opt/airflow/dags/primeira_dag.py
[2024-04-10T13:07:48.919+0000] {logging_mixin.py:137} INFO - [2024-04-10T13:07:48.918+0000] {dag.py:2690} INFO - Sync 1 DAGs
[2024-04-10T13:07:48.997+0000] {logging_mixin.py:137} INFO - [2024-04-10T13:07:48.997+0000] {dag.py:3441} INFO - Setting next_dagrun for primeira_dag to None, run_after=None
[2024-04-10T13:07:49.076+0000] {processor.py:175} INFO - Processing /opt/airflow/dags/primeira_dag.py took 0.309 seconds
[2024-04-10T13:08:19.404+0000] {processor.py:153} INFO - Started process (PID=3325) to work on /opt/airflow/dags/primeira_dag.py
[2024-04-10T13:08:19.407+0000] {processor.py:743} INFO - Processing file /opt/airflow/dags/primeira_dag.py for tasks to queue
[2024-04-10T13:08:19.409+0000] {logging_mixin.py:137} INFO - [2024-04-10T13:08:19.408+0000] {dagbag.py:538} INFO - Filling up the DagBag from /opt/airflow/dags/primeira_dag.py
[2024-04-10T13:08:19.472+0000] {processor.py:753} INFO - DAG(s) dict_keys(['primeira_dag']) retrieved from /opt/airflow/dags/primeira_dag.py
[2024-04-10T13:08:19.566+0000] {logging_mixin.py:137} INFO - [2024-04-10T13:08:19.565+0000] {dag.py:2690} INFO - Sync 1 DAGs
[2024-04-10T13:08:19.691+0000] {logging_mixin.py:137} INFO - [2024-04-10T13:08:19.691+0000] {dag.py:3441} INFO - Setting next_dagrun for primeira_dag to None, run_after=None
[2024-04-10T13:08:19.787+0000] {processor.py:175} INFO - Processing /opt/airflow/dags/primeira_dag.py took 0.394 seconds
[2024-04-10T13:08:50.071+0000] {processor.py:153} INFO - Started process (PID=3352) to work on /opt/airflow/dags/primeira_dag.py
[2024-04-10T13:08:50.076+0000] {processor.py:743} INFO - Processing file /opt/airflow/dags/primeira_dag.py for tasks to queue
[2024-04-10T13:08:50.078+0000] {logging_mixin.py:137} INFO - [2024-04-10T13:08:50.077+0000] {dagbag.py:538} INFO - Filling up the DagBag from /opt/airflow/dags/primeira_dag.py
[2024-04-10T13:08:50.116+0000] {processor.py:753} INFO - DAG(s) dict_keys(['primeira_dag']) retrieved from /opt/airflow/dags/primeira_dag.py
[2024-04-10T13:08:50.182+0000] {logging_mixin.py:137} INFO - [2024-04-10T13:08:50.181+0000] {dag.py:2690} INFO - Sync 1 DAGs
[2024-04-10T13:08:50.264+0000] {logging_mixin.py:137} INFO - [2024-04-10T13:08:50.264+0000] {dag.py:3441} INFO - Setting next_dagrun for primeira_dag to None, run_after=None
[2024-04-10T13:08:50.323+0000] {processor.py:175} INFO - Processing /opt/airflow/dags/primeira_dag.py took 0.259 seconds
[2024-04-10T13:09:20.593+0000] {processor.py:153} INFO - Started process (PID=3379) to work on /opt/airflow/dags/primeira_dag.py
[2024-04-10T13:09:20.594+0000] {processor.py:743} INFO - Processing file /opt/airflow/dags/primeira_dag.py for tasks to queue
[2024-04-10T13:09:20.595+0000] {logging_mixin.py:137} INFO - [2024-04-10T13:09:20.595+0000] {dagbag.py:538} INFO - Filling up the DagBag from /opt/airflow/dags/primeira_dag.py
[2024-04-10T13:09:20.626+0000] {processor.py:753} INFO - DAG(s) dict_keys(['primeira_dag']) retrieved from /opt/airflow/dags/primeira_dag.py
[2024-04-10T13:09:20.684+0000] {logging_mixin.py:137} INFO - [2024-04-10T13:09:20.684+0000] {dag.py:2690} INFO - Sync 1 DAGs
[2024-04-10T13:09:20.745+0000] {logging_mixin.py:137} INFO - [2024-04-10T13:09:20.744+0000] {dag.py:3441} INFO - Setting next_dagrun for primeira_dag to None, run_after=None
[2024-04-10T13:09:20.801+0000] {processor.py:175} INFO - Processing /opt/airflow/dags/primeira_dag.py took 0.217 seconds
[2024-04-10T13:09:51.082+0000] {processor.py:153} INFO - Started process (PID=3404) to work on /opt/airflow/dags/primeira_dag.py
[2024-04-10T13:09:51.088+0000] {processor.py:743} INFO - Processing file /opt/airflow/dags/primeira_dag.py for tasks to queue
[2024-04-10T13:09:51.092+0000] {logging_mixin.py:137} INFO - [2024-04-10T13:09:51.091+0000] {dagbag.py:538} INFO - Filling up the DagBag from /opt/airflow/dags/primeira_dag.py
[2024-04-10T13:09:51.178+0000] {processor.py:753} INFO - DAG(s) dict_keys(['primeira_dag']) retrieved from /opt/airflow/dags/primeira_dag.py
[2024-04-10T13:09:51.259+0000] {logging_mixin.py:137} INFO - [2024-04-10T13:09:51.259+0000] {dag.py:2690} INFO - Sync 1 DAGs
[2024-04-10T13:09:51.346+0000] {logging_mixin.py:137} INFO - [2024-04-10T13:09:51.346+0000] {dag.py:3441} INFO - Setting next_dagrun for primeira_dag to None, run_after=None
[2024-04-10T13:09:51.410+0000] {processor.py:175} INFO - Processing /opt/airflow/dags/primeira_dag.py took 0.344 seconds
[2024-04-10T13:10:21.644+0000] {processor.py:153} INFO - Started process (PID=3430) to work on /opt/airflow/dags/primeira_dag.py
[2024-04-10T13:10:21.646+0000] {processor.py:743} INFO - Processing file /opt/airflow/dags/primeira_dag.py for tasks to queue
[2024-04-10T13:10:21.648+0000] {logging_mixin.py:137} INFO - [2024-04-10T13:10:21.647+0000] {dagbag.py:538} INFO - Filling up the DagBag from /opt/airflow/dags/primeira_dag.py
[2024-04-10T13:10:21.681+0000] {processor.py:753} INFO - DAG(s) dict_keys(['primeira_dag']) retrieved from /opt/airflow/dags/primeira_dag.py
[2024-04-10T13:10:21.724+0000] {logging_mixin.py:137} INFO - [2024-04-10T13:10:21.724+0000] {dag.py:2690} INFO - Sync 1 DAGs
[2024-04-10T13:10:21.782+0000] {logging_mixin.py:137} INFO - [2024-04-10T13:10:21.782+0000] {dag.py:3441} INFO - Setting next_dagrun for primeira_dag to None, run_after=None
[2024-04-10T13:10:21.821+0000] {processor.py:175} INFO - Processing /opt/airflow/dags/primeira_dag.py took 0.183 seconds
[2024-04-10T13:10:52.113+0000] {processor.py:153} INFO - Started process (PID=3456) to work on /opt/airflow/dags/primeira_dag.py
[2024-04-10T13:10:52.118+0000] {processor.py:743} INFO - Processing file /opt/airflow/dags/primeira_dag.py for tasks to queue
[2024-04-10T13:10:52.121+0000] {logging_mixin.py:137} INFO - [2024-04-10T13:10:52.120+0000] {dagbag.py:538} INFO - Filling up the DagBag from /opt/airflow/dags/primeira_dag.py
[2024-04-10T13:10:52.172+0000] {processor.py:753} INFO - DAG(s) dict_keys(['primeira_dag']) retrieved from /opt/airflow/dags/primeira_dag.py
[2024-04-10T13:10:52.223+0000] {logging_mixin.py:137} INFO - [2024-04-10T13:10:52.223+0000] {dag.py:2690} INFO - Sync 1 DAGs
[2024-04-10T13:10:52.271+0000] {logging_mixin.py:137} INFO - [2024-04-10T13:10:52.271+0000] {dag.py:3441} INFO - Setting next_dagrun for primeira_dag to None, run_after=None
[2024-04-10T13:10:52.307+0000] {processor.py:175} INFO - Processing /opt/airflow/dags/primeira_dag.py took 0.215 seconds
[2024-04-10T13:11:22.618+0000] {processor.py:153} INFO - Started process (PID=3482) to work on /opt/airflow/dags/primeira_dag.py
[2024-04-10T13:11:22.623+0000] {processor.py:743} INFO - Processing file /opt/airflow/dags/primeira_dag.py for tasks to queue
[2024-04-10T13:11:22.629+0000] {logging_mixin.py:137} INFO - [2024-04-10T13:11:22.628+0000] {dagbag.py:538} INFO - Filling up the DagBag from /opt/airflow/dags/primeira_dag.py
[2024-04-10T13:11:22.679+0000] {processor.py:753} INFO - DAG(s) dict_keys(['primeira_dag']) retrieved from /opt/airflow/dags/primeira_dag.py
[2024-04-10T13:11:22.730+0000] {logging_mixin.py:137} INFO - [2024-04-10T13:11:22.729+0000] {dag.py:2690} INFO - Sync 1 DAGs
[2024-04-10T13:11:22.792+0000] {logging_mixin.py:137} INFO - [2024-04-10T13:11:22.792+0000] {dag.py:3441} INFO - Setting next_dagrun for primeira_dag to None, run_after=None
[2024-04-10T13:11:22.856+0000] {processor.py:175} INFO - Processing /opt/airflow/dags/primeira_dag.py took 0.252 seconds
[2024-04-10T13:11:53.264+0000] {processor.py:153} INFO - Started process (PID=3510) to work on /opt/airflow/dags/primeira_dag.py
[2024-04-10T13:11:53.271+0000] {processor.py:743} INFO - Processing file /opt/airflow/dags/primeira_dag.py for tasks to queue
[2024-04-10T13:11:53.278+0000] {logging_mixin.py:137} INFO - [2024-04-10T13:11:53.277+0000] {dagbag.py:538} INFO - Filling up the DagBag from /opt/airflow/dags/primeira_dag.py
[2024-04-10T13:11:53.377+0000] {processor.py:753} INFO - DAG(s) dict_keys(['primeira_dag']) retrieved from /opt/airflow/dags/primeira_dag.py
[2024-04-10T13:11:53.420+0000] {logging_mixin.py:137} INFO - [2024-04-10T13:11:53.420+0000] {dag.py:2690} INFO - Sync 1 DAGs
[2024-04-10T13:11:53.499+0000] {logging_mixin.py:137} INFO - [2024-04-10T13:11:53.498+0000] {dag.py:3441} INFO - Setting next_dagrun for primeira_dag to None, run_after=None
[2024-04-10T13:11:53.554+0000] {processor.py:175} INFO - Processing /opt/airflow/dags/primeira_dag.py took 0.316 seconds
[2024-04-10T13:12:23.911+0000] {processor.py:153} INFO - Started process (PID=3536) to work on /opt/airflow/dags/primeira_dag.py
[2024-04-10T13:12:23.913+0000] {processor.py:743} INFO - Processing file /opt/airflow/dags/primeira_dag.py for tasks to queue
[2024-04-10T13:12:23.914+0000] {logging_mixin.py:137} INFO - [2024-04-10T13:12:23.914+0000] {dagbag.py:538} INFO - Filling up the DagBag from /opt/airflow/dags/primeira_dag.py
[2024-04-10T13:12:23.951+0000] {processor.py:753} INFO - DAG(s) dict_keys(['primeira_dag']) retrieved from /opt/airflow/dags/primeira_dag.py
[2024-04-10T13:12:24.019+0000] {logging_mixin.py:137} INFO - [2024-04-10T13:12:24.018+0000] {dag.py:2690} INFO - Sync 1 DAGs
[2024-04-10T13:12:24.094+0000] {logging_mixin.py:137} INFO - [2024-04-10T13:12:24.094+0000] {dag.py:3441} INFO - Setting next_dagrun for primeira_dag to None, run_after=None
[2024-04-10T13:12:24.154+0000] {processor.py:175} INFO - Processing /opt/airflow/dags/primeira_dag.py took 0.252 seconds
[2024-04-10T13:12:54.440+0000] {processor.py:153} INFO - Started process (PID=3562) to work on /opt/airflow/dags/primeira_dag.py
[2024-04-10T13:12:54.442+0000] {processor.py:743} INFO - Processing file /opt/airflow/dags/primeira_dag.py for tasks to queue
[2024-04-10T13:12:54.443+0000] {logging_mixin.py:137} INFO - [2024-04-10T13:12:54.443+0000] {dagbag.py:538} INFO - Filling up the DagBag from /opt/airflow/dags/primeira_dag.py
[2024-04-10T13:12:54.475+0000] {processor.py:753} INFO - DAG(s) dict_keys(['primeira_dag']) retrieved from /opt/airflow/dags/primeira_dag.py
[2024-04-10T13:12:54.539+0000] {logging_mixin.py:137} INFO - [2024-04-10T13:12:54.539+0000] {dag.py:2690} INFO - Sync 1 DAGs
[2024-04-10T13:12:54.597+0000] {logging_mixin.py:137} INFO - [2024-04-10T13:12:54.597+0000] {dag.py:3441} INFO - Setting next_dagrun for primeira_dag to None, run_after=None
[2024-04-10T13:12:54.653+0000] {processor.py:175} INFO - Processing /opt/airflow/dags/primeira_dag.py took 0.221 seconds
[2024-04-10T13:13:24.911+0000] {processor.py:153} INFO - Started process (PID=3588) to work on /opt/airflow/dags/primeira_dag.py
[2024-04-10T13:13:24.922+0000] {processor.py:743} INFO - Processing file /opt/airflow/dags/primeira_dag.py for tasks to queue
[2024-04-10T13:13:24.924+0000] {logging_mixin.py:137} INFO - [2024-04-10T13:13:24.923+0000] {dagbag.py:538} INFO - Filling up the DagBag from /opt/airflow/dags/primeira_dag.py
[2024-04-10T13:13:24.957+0000] {processor.py:753} INFO - DAG(s) dict_keys(['primeira_dag']) retrieved from /opt/airflow/dags/primeira_dag.py
[2024-04-10T13:13:25.012+0000] {logging_mixin.py:137} INFO - [2024-04-10T13:13:25.011+0000] {dag.py:2690} INFO - Sync 1 DAGs
[2024-04-10T13:13:25.074+0000] {logging_mixin.py:137} INFO - [2024-04-10T13:13:25.073+0000] {dag.py:3441} INFO - Setting next_dagrun for primeira_dag to None, run_after=None
[2024-04-10T13:13:25.122+0000] {processor.py:175} INFO - Processing /opt/airflow/dags/primeira_dag.py took 0.217 seconds
[2024-04-10T13:13:55.437+0000] {processor.py:153} INFO - Started process (PID=3613) to work on /opt/airflow/dags/primeira_dag.py
[2024-04-10T13:13:55.440+0000] {processor.py:743} INFO - Processing file /opt/airflow/dags/primeira_dag.py for tasks to queue
[2024-04-10T13:13:55.443+0000] {logging_mixin.py:137} INFO - [2024-04-10T13:13:55.443+0000] {dagbag.py:538} INFO - Filling up the DagBag from /opt/airflow/dags/primeira_dag.py
[2024-04-10T13:13:55.504+0000] {processor.py:753} INFO - DAG(s) dict_keys(['primeira_dag']) retrieved from /opt/airflow/dags/primeira_dag.py
[2024-04-10T13:13:55.559+0000] {logging_mixin.py:137} INFO - [2024-04-10T13:13:55.559+0000] {dag.py:2690} INFO - Sync 1 DAGs
[2024-04-10T13:13:55.608+0000] {logging_mixin.py:137} INFO - [2024-04-10T13:13:55.608+0000] {dag.py:3441} INFO - Setting next_dagrun for primeira_dag to None, run_after=None
[2024-04-10T13:13:55.659+0000] {processor.py:175} INFO - Processing /opt/airflow/dags/primeira_dag.py took 0.243 seconds
[2024-04-10T13:14:26.001+0000] {processor.py:153} INFO - Started process (PID=3637) to work on /opt/airflow/dags/primeira_dag.py
[2024-04-10T13:14:26.002+0000] {processor.py:743} INFO - Processing file /opt/airflow/dags/primeira_dag.py for tasks to queue
[2024-04-10T13:14:26.004+0000] {logging_mixin.py:137} INFO - [2024-04-10T13:14:26.004+0000] {dagbag.py:538} INFO - Filling up the DagBag from /opt/airflow/dags/primeira_dag.py
[2024-04-10T13:14:26.050+0000] {processor.py:753} INFO - DAG(s) dict_keys(['primeira_dag']) retrieved from /opt/airflow/dags/primeira_dag.py
[2024-04-10T13:14:26.179+0000] {logging_mixin.py:137} INFO - [2024-04-10T13:14:26.179+0000] {dag.py:2690} INFO - Sync 1 DAGs
[2024-04-10T13:14:26.257+0000] {logging_mixin.py:137} INFO - [2024-04-10T13:14:26.256+0000] {dag.py:3441} INFO - Setting next_dagrun for primeira_dag to None, run_after=None
[2024-04-10T13:14:26.305+0000] {processor.py:175} INFO - Processing /opt/airflow/dags/primeira_dag.py took 0.314 seconds
[2024-04-10T13:14:56.688+0000] {processor.py:153} INFO - Started process (PID=3662) to work on /opt/airflow/dags/primeira_dag.py
[2024-04-10T13:14:56.697+0000] {processor.py:743} INFO - Processing file /opt/airflow/dags/primeira_dag.py for tasks to queue
[2024-04-10T13:14:56.699+0000] {logging_mixin.py:137} INFO - [2024-04-10T13:14:56.698+0000] {dagbag.py:538} INFO - Filling up the DagBag from /opt/airflow/dags/primeira_dag.py
[2024-04-10T13:14:56.752+0000] {processor.py:753} INFO - DAG(s) dict_keys(['primeira_dag']) retrieved from /opt/airflow/dags/primeira_dag.py
[2024-04-10T13:14:56.837+0000] {logging_mixin.py:137} INFO - [2024-04-10T13:14:56.837+0000] {dag.py:2690} INFO - Sync 1 DAGs
[2024-04-10T13:14:56.965+0000] {logging_mixin.py:137} INFO - [2024-04-10T13:14:56.964+0000] {dag.py:3441} INFO - Setting next_dagrun for primeira_dag to None, run_after=None
[2024-04-10T13:14:57.048+0000] {processor.py:175} INFO - Processing /opt/airflow/dags/primeira_dag.py took 0.365 seconds
[2024-04-10T13:15:27.477+0000] {processor.py:153} INFO - Started process (PID=3688) to work on /opt/airflow/dags/primeira_dag.py
[2024-04-10T13:15:27.484+0000] {processor.py:743} INFO - Processing file /opt/airflow/dags/primeira_dag.py for tasks to queue
[2024-04-10T13:15:27.486+0000] {logging_mixin.py:137} INFO - [2024-04-10T13:15:27.485+0000] {dagbag.py:538} INFO - Filling up the DagBag from /opt/airflow/dags/primeira_dag.py
[2024-04-10T13:15:27.524+0000] {processor.py:753} INFO - DAG(s) dict_keys(['primeira_dag']) retrieved from /opt/airflow/dags/primeira_dag.py
[2024-04-10T13:15:27.600+0000] {logging_mixin.py:137} INFO - [2024-04-10T13:15:27.600+0000] {dag.py:2690} INFO - Sync 1 DAGs
[2024-04-10T13:15:27.680+0000] {logging_mixin.py:137} INFO - [2024-04-10T13:15:27.680+0000] {dag.py:3441} INFO - Setting next_dagrun for primeira_dag to None, run_after=None
[2024-04-10T13:15:27.772+0000] {processor.py:175} INFO - Processing /opt/airflow/dags/primeira_dag.py took 0.306 seconds
[2024-04-10T13:15:58.157+0000] {processor.py:153} INFO - Started process (PID=3702) to work on /opt/airflow/dags/primeira_dag.py
[2024-04-10T13:15:58.160+0000] {processor.py:743} INFO - Processing file /opt/airflow/dags/primeira_dag.py for tasks to queue
[2024-04-10T13:15:58.163+0000] {logging_mixin.py:137} INFO - [2024-04-10T13:15:58.162+0000] {dagbag.py:538} INFO - Filling up the DagBag from /opt/airflow/dags/primeira_dag.py
[2024-04-10T13:15:58.213+0000] {processor.py:753} INFO - DAG(s) dict_keys(['primeira_dag']) retrieved from /opt/airflow/dags/primeira_dag.py
[2024-04-10T13:15:58.288+0000] {logging_mixin.py:137} INFO - [2024-04-10T13:15:58.288+0000] {dag.py:2690} INFO - Sync 1 DAGs
[2024-04-10T13:15:58.372+0000] {logging_mixin.py:137} INFO - [2024-04-10T13:15:58.371+0000] {dag.py:3441} INFO - Setting next_dagrun for primeira_dag to None, run_after=None
[2024-04-10T13:15:58.446+0000] {processor.py:175} INFO - Processing /opt/airflow/dags/primeira_dag.py took 0.306 seconds
[2024-04-10T13:16:28.653+0000] {processor.py:153} INFO - Started process (PID=3729) to work on /opt/airflow/dags/primeira_dag.py
[2024-04-10T13:16:28.660+0000] {processor.py:743} INFO - Processing file /opt/airflow/dags/primeira_dag.py for tasks to queue
[2024-04-10T13:16:28.664+0000] {logging_mixin.py:137} INFO - [2024-04-10T13:16:28.664+0000] {dagbag.py:538} INFO - Filling up the DagBag from /opt/airflow/dags/primeira_dag.py
[2024-04-10T13:16:28.730+0000] {processor.py:753} INFO - DAG(s) dict_keys(['primeira_dag']) retrieved from /opt/airflow/dags/primeira_dag.py
[2024-04-10T13:16:28.802+0000] {logging_mixin.py:137} INFO - [2024-04-10T13:16:28.802+0000] {dag.py:2690} INFO - Sync 1 DAGs
[2024-04-10T13:16:28.847+0000] {logging_mixin.py:137} INFO - [2024-04-10T13:16:28.847+0000] {dag.py:3441} INFO - Setting next_dagrun for primeira_dag to None, run_after=None
[2024-04-10T13:16:28.890+0000] {processor.py:175} INFO - Processing /opt/airflow/dags/primeira_dag.py took 0.254 seconds
[2024-04-10T13:16:59.211+0000] {processor.py:153} INFO - Started process (PID=3755) to work on /opt/airflow/dags/primeira_dag.py
[2024-04-10T13:16:59.214+0000] {processor.py:743} INFO - Processing file /opt/airflow/dags/primeira_dag.py for tasks to queue
[2024-04-10T13:16:59.218+0000] {logging_mixin.py:137} INFO - [2024-04-10T13:16:59.217+0000] {dagbag.py:538} INFO - Filling up the DagBag from /opt/airflow/dags/primeira_dag.py
[2024-04-10T13:16:59.295+0000] {processor.py:753} INFO - DAG(s) dict_keys(['primeira_dag']) retrieved from /opt/airflow/dags/primeira_dag.py
[2024-04-10T13:16:59.452+0000] {logging_mixin.py:137} INFO - [2024-04-10T13:16:59.451+0000] {dag.py:2690} INFO - Sync 1 DAGs
[2024-04-10T13:16:59.528+0000] {logging_mixin.py:137} INFO - [2024-04-10T13:16:59.527+0000] {dag.py:3441} INFO - Setting next_dagrun for primeira_dag to None, run_after=None
[2024-04-10T13:16:59.568+0000] {processor.py:175} INFO - Processing /opt/airflow/dags/primeira_dag.py took 0.374 seconds
[2024-04-10T13:17:29.975+0000] {processor.py:153} INFO - Started process (PID=3781) to work on /opt/airflow/dags/primeira_dag.py
[2024-04-10T13:17:29.977+0000] {processor.py:743} INFO - Processing file /opt/airflow/dags/primeira_dag.py for tasks to queue
[2024-04-10T13:17:29.979+0000] {logging_mixin.py:137} INFO - [2024-04-10T13:17:29.979+0000] {dagbag.py:538} INFO - Filling up the DagBag from /opt/airflow/dags/primeira_dag.py
[2024-04-10T13:17:30.031+0000] {processor.py:753} INFO - DAG(s) dict_keys(['primeira_dag']) retrieved from /opt/airflow/dags/primeira_dag.py
[2024-04-10T13:17:30.106+0000] {logging_mixin.py:137} INFO - [2024-04-10T13:17:30.106+0000] {dag.py:2690} INFO - Sync 1 DAGs
[2024-04-10T13:17:30.191+0000] {logging_mixin.py:137} INFO - [2024-04-10T13:17:30.191+0000] {dag.py:3441} INFO - Setting next_dagrun for primeira_dag to None, run_after=None
[2024-04-10T13:17:30.293+0000] {processor.py:175} INFO - Processing /opt/airflow/dags/primeira_dag.py took 0.328 seconds
[2024-04-10T13:18:00.362+0000] {processor.py:153} INFO - Started process (PID=3804) to work on /opt/airflow/dags/primeira_dag.py
[2024-04-10T13:18:00.363+0000] {processor.py:743} INFO - Processing file /opt/airflow/dags/primeira_dag.py for tasks to queue
[2024-04-10T13:18:00.365+0000] {logging_mixin.py:137} INFO - [2024-04-10T13:18:00.364+0000] {dagbag.py:538} INFO - Filling up the DagBag from /opt/airflow/dags/primeira_dag.py
[2024-04-10T13:18:00.403+0000] {processor.py:753} INFO - DAG(s) dict_keys(['primeira_dag']) retrieved from /opt/airflow/dags/primeira_dag.py
[2024-04-10T13:18:00.461+0000] {logging_mixin.py:137} INFO - [2024-04-10T13:18:00.461+0000] {dag.py:2690} INFO - Sync 1 DAGs
[2024-04-10T13:18:00.525+0000] {logging_mixin.py:137} INFO - [2024-04-10T13:18:00.524+0000] {dag.py:3441} INFO - Setting next_dagrun for primeira_dag to None, run_after=None
[2024-04-10T13:18:00.581+0000] {processor.py:175} INFO - Processing /opt/airflow/dags/primeira_dag.py took 0.226 seconds
[2024-04-10T13:18:30.951+0000] {processor.py:153} INFO - Started process (PID=3820) to work on /opt/airflow/dags/primeira_dag.py
[2024-04-10T13:18:30.963+0000] {processor.py:743} INFO - Processing file /opt/airflow/dags/primeira_dag.py for tasks to queue
[2024-04-10T13:18:30.965+0000] {logging_mixin.py:137} INFO - [2024-04-10T13:18:30.965+0000] {dagbag.py:538} INFO - Filling up the DagBag from /opt/airflow/dags/primeira_dag.py
[2024-04-10T13:18:31.059+0000] {processor.py:753} INFO - DAG(s) dict_keys(['primeira_dag']) retrieved from /opt/airflow/dags/primeira_dag.py
[2024-04-10T13:18:31.160+0000] {logging_mixin.py:137} INFO - [2024-04-10T13:18:31.153+0000] {dag.py:2690} INFO - Sync 1 DAGs
[2024-04-10T13:18:31.280+0000] {logging_mixin.py:137} INFO - [2024-04-10T13:18:31.280+0000] {dag.py:3441} INFO - Setting next_dagrun for primeira_dag to None, run_after=None
[2024-04-10T13:18:31.368+0000] {processor.py:175} INFO - Processing /opt/airflow/dags/primeira_dag.py took 0.438 seconds
[2024-04-10T13:19:01.723+0000] {processor.py:153} INFO - Started process (PID=3846) to work on /opt/airflow/dags/primeira_dag.py
[2024-04-10T13:19:01.729+0000] {processor.py:743} INFO - Processing file /opt/airflow/dags/primeira_dag.py for tasks to queue
[2024-04-10T13:19:01.731+0000] {logging_mixin.py:137} INFO - [2024-04-10T13:19:01.730+0000] {dagbag.py:538} INFO - Filling up the DagBag from /opt/airflow/dags/primeira_dag.py
[2024-04-10T13:19:01.767+0000] {processor.py:753} INFO - DAG(s) dict_keys(['primeira_dag']) retrieved from /opt/airflow/dags/primeira_dag.py
[2024-04-10T13:19:01.887+0000] {logging_mixin.py:137} INFO - [2024-04-10T13:19:01.887+0000] {dag.py:2690} INFO - Sync 1 DAGs
[2024-04-10T13:19:01.982+0000] {logging_mixin.py:137} INFO - [2024-04-10T13:19:01.981+0000] {dag.py:3441} INFO - Setting next_dagrun for primeira_dag to None, run_after=None
[2024-04-10T13:19:02.048+0000] {processor.py:175} INFO - Processing /opt/airflow/dags/primeira_dag.py took 0.341 seconds
[2024-04-10T13:19:32.470+0000] {processor.py:153} INFO - Started process (PID=3860) to work on /opt/airflow/dags/primeira_dag.py
[2024-04-10T13:19:32.476+0000] {processor.py:743} INFO - Processing file /opt/airflow/dags/primeira_dag.py for tasks to queue
[2024-04-10T13:19:32.477+0000] {logging_mixin.py:137} INFO - [2024-04-10T13:19:32.477+0000] {dagbag.py:538} INFO - Filling up the DagBag from /opt/airflow/dags/primeira_dag.py
[2024-04-10T13:19:32.502+0000] {processor.py:753} INFO - DAG(s) dict_keys(['primeira_dag']) retrieved from /opt/airflow/dags/primeira_dag.py
[2024-04-10T13:19:32.538+0000] {logging_mixin.py:137} INFO - [2024-04-10T13:19:32.538+0000] {dag.py:2690} INFO - Sync 1 DAGs
[2024-04-10T13:19:32.595+0000] {logging_mixin.py:137} INFO - [2024-04-10T13:19:32.595+0000] {dag.py:3441} INFO - Setting next_dagrun for primeira_dag to None, run_after=None
[2024-04-10T13:19:32.639+0000] {processor.py:175} INFO - Processing /opt/airflow/dags/primeira_dag.py took 0.191 seconds
[2024-04-10T13:20:03.024+0000] {processor.py:153} INFO - Started process (PID=3885) to work on /opt/airflow/dags/primeira_dag.py
[2024-04-10T13:20:03.026+0000] {processor.py:743} INFO - Processing file /opt/airflow/dags/primeira_dag.py for tasks to queue
[2024-04-10T13:20:03.027+0000] {logging_mixin.py:137} INFO - [2024-04-10T13:20:03.027+0000] {dagbag.py:538} INFO - Filling up the DagBag from /opt/airflow/dags/primeira_dag.py
[2024-04-10T13:20:03.085+0000] {processor.py:753} INFO - DAG(s) dict_keys(['primeira_dag']) retrieved from /opt/airflow/dags/primeira_dag.py
[2024-04-10T13:20:03.156+0000] {logging_mixin.py:137} INFO - [2024-04-10T13:20:03.156+0000] {dag.py:2690} INFO - Sync 1 DAGs
[2024-04-10T13:20:03.237+0000] {logging_mixin.py:137} INFO - [2024-04-10T13:20:03.236+0000] {dag.py:3441} INFO - Setting next_dagrun for primeira_dag to None, run_after=None
[2024-04-10T13:20:03.292+0000] {processor.py:175} INFO - Processing /opt/airflow/dags/primeira_dag.py took 0.281 seconds
[2024-04-10T13:20:33.422+0000] {processor.py:153} INFO - Started process (PID=3899) to work on /opt/airflow/dags/primeira_dag.py
[2024-04-10T13:20:33.423+0000] {processor.py:743} INFO - Processing file /opt/airflow/dags/primeira_dag.py for tasks to queue
[2024-04-10T13:20:33.425+0000] {logging_mixin.py:137} INFO - [2024-04-10T13:20:33.424+0000] {dagbag.py:538} INFO - Filling up the DagBag from /opt/airflow/dags/primeira_dag.py
[2024-04-10T13:20:33.500+0000] {processor.py:753} INFO - DAG(s) dict_keys(['primeira_dag']) retrieved from /opt/airflow/dags/primeira_dag.py
[2024-04-10T13:20:33.658+0000] {logging_mixin.py:137} INFO - [2024-04-10T13:20:33.657+0000] {dag.py:2690} INFO - Sync 1 DAGs
[2024-04-10T13:20:33.756+0000] {logging_mixin.py:137} INFO - [2024-04-10T13:20:33.756+0000] {dag.py:3441} INFO - Setting next_dagrun for primeira_dag to None, run_after=None
[2024-04-10T13:20:33.825+0000] {processor.py:175} INFO - Processing /opt/airflow/dags/primeira_dag.py took 0.409 seconds
[2024-04-10T13:21:04.219+0000] {processor.py:153} INFO - Started process (PID=3925) to work on /opt/airflow/dags/primeira_dag.py
[2024-04-10T13:21:04.224+0000] {processor.py:743} INFO - Processing file /opt/airflow/dags/primeira_dag.py for tasks to queue
[2024-04-10T13:21:04.226+0000] {logging_mixin.py:137} INFO - [2024-04-10T13:21:04.226+0000] {dagbag.py:538} INFO - Filling up the DagBag from /opt/airflow/dags/primeira_dag.py
[2024-04-10T13:21:04.585+0000] {processor.py:753} INFO - DAG(s) dict_keys(['primeira_dag']) retrieved from /opt/airflow/dags/primeira_dag.py
[2024-04-10T13:21:04.686+0000] {logging_mixin.py:137} INFO - [2024-04-10T13:21:04.686+0000] {dag.py:2690} INFO - Sync 1 DAGs
[2024-04-10T13:21:04.789+0000] {logging_mixin.py:137} INFO - [2024-04-10T13:21:04.788+0000] {dag.py:3441} INFO - Setting next_dagrun for primeira_dag to None, run_after=None
[2024-04-10T13:21:04.888+0000] {processor.py:175} INFO - Processing /opt/airflow/dags/primeira_dag.py took 0.679 seconds
[2024-04-10T13:21:35.594+0000] {processor.py:153} INFO - Started process (PID=3948) to work on /opt/airflow/dags/primeira_dag.py
[2024-04-10T13:21:35.596+0000] {processor.py:743} INFO - Processing file /opt/airflow/dags/primeira_dag.py for tasks to queue
[2024-04-10T13:21:35.598+0000] {logging_mixin.py:137} INFO - [2024-04-10T13:21:35.597+0000] {dagbag.py:538} INFO - Filling up the DagBag from /opt/airflow/dags/primeira_dag.py
[2024-04-10T13:21:35.635+0000] {processor.py:753} INFO - DAG(s) dict_keys(['primeira_dag']) retrieved from /opt/airflow/dags/primeira_dag.py
[2024-04-10T13:21:35.703+0000] {logging_mixin.py:137} INFO - [2024-04-10T13:21:35.703+0000] {dag.py:2690} INFO - Sync 1 DAGs
[2024-04-10T13:21:35.788+0000] {logging_mixin.py:137} INFO - [2024-04-10T13:21:35.787+0000] {dag.py:3441} INFO - Setting next_dagrun for primeira_dag to None, run_after=None
[2024-04-10T13:21:35.831+0000] {processor.py:175} INFO - Processing /opt/airflow/dags/primeira_dag.py took 0.246 seconds
[2024-04-10T13:22:06.286+0000] {processor.py:153} INFO - Started process (PID=3965) to work on /opt/airflow/dags/primeira_dag.py
[2024-04-10T13:22:06.292+0000] {processor.py:743} INFO - Processing file /opt/airflow/dags/primeira_dag.py for tasks to queue
[2024-04-10T13:22:06.295+0000] {logging_mixin.py:137} INFO - [2024-04-10T13:22:06.294+0000] {dagbag.py:538} INFO - Filling up the DagBag from /opt/airflow/dags/primeira_dag.py
[2024-04-10T13:22:06.367+0000] {processor.py:753} INFO - DAG(s) dict_keys(['primeira_dag']) retrieved from /opt/airflow/dags/primeira_dag.py
[2024-04-10T13:22:06.412+0000] {logging_mixin.py:137} INFO - [2024-04-10T13:22:06.412+0000] {dag.py:2690} INFO - Sync 1 DAGs
[2024-04-10T13:22:06.461+0000] {logging_mixin.py:137} INFO - [2024-04-10T13:22:06.460+0000] {dag.py:3441} INFO - Setting next_dagrun for primeira_dag to None, run_after=None
[2024-04-10T13:22:06.499+0000] {processor.py:175} INFO - Processing /opt/airflow/dags/primeira_dag.py took 0.233 seconds
[2024-04-10T13:22:36.876+0000] {processor.py:153} INFO - Started process (PID=3991) to work on /opt/airflow/dags/primeira_dag.py
[2024-04-10T13:22:36.891+0000] {processor.py:743} INFO - Processing file /opt/airflow/dags/primeira_dag.py for tasks to queue
[2024-04-10T13:22:36.893+0000] {logging_mixin.py:137} INFO - [2024-04-10T13:22:36.892+0000] {dagbag.py:538} INFO - Filling up the DagBag from /opt/airflow/dags/primeira_dag.py
[2024-04-10T13:22:36.944+0000] {processor.py:753} INFO - DAG(s) dict_keys(['primeira_dag']) retrieved from /opt/airflow/dags/primeira_dag.py
[2024-04-10T13:22:37.173+0000] {logging_mixin.py:137} INFO - [2024-04-10T13:22:37.173+0000] {dag.py:2690} INFO - Sync 1 DAGs
[2024-04-10T13:22:37.520+0000] {logging_mixin.py:137} INFO - [2024-04-10T13:22:37.520+0000] {dag.py:3441} INFO - Setting next_dagrun for primeira_dag to None, run_after=None
[2024-04-10T13:22:37.765+0000] {processor.py:175} INFO - Processing /opt/airflow/dags/primeira_dag.py took 0.923 seconds
[2024-04-10T13:23:08.333+0000] {processor.py:153} INFO - Started process (PID=4006) to work on /opt/airflow/dags/primeira_dag.py
[2024-04-10T13:23:08.335+0000] {processor.py:743} INFO - Processing file /opt/airflow/dags/primeira_dag.py for tasks to queue
[2024-04-10T13:23:08.336+0000] {logging_mixin.py:137} INFO - [2024-04-10T13:23:08.336+0000] {dagbag.py:538} INFO - Filling up the DagBag from /opt/airflow/dags/primeira_dag.py
[2024-04-10T13:23:08.359+0000] {processor.py:753} INFO - DAG(s) dict_keys(['primeira_dag']) retrieved from /opt/airflow/dags/primeira_dag.py
[2024-04-10T13:23:08.397+0000] {logging_mixin.py:137} INFO - [2024-04-10T13:23:08.397+0000] {dag.py:2690} INFO - Sync 1 DAGs
[2024-04-10T13:23:08.448+0000] {logging_mixin.py:137} INFO - [2024-04-10T13:23:08.447+0000] {dag.py:3441} INFO - Setting next_dagrun for primeira_dag to None, run_after=None
[2024-04-10T13:23:08.489+0000] {processor.py:175} INFO - Processing /opt/airflow/dags/primeira_dag.py took 0.161 seconds
[2024-04-10T13:23:38.818+0000] {processor.py:153} INFO - Started process (PID=4034) to work on /opt/airflow/dags/primeira_dag.py
[2024-04-10T13:23:38.820+0000] {processor.py:743} INFO - Processing file /opt/airflow/dags/primeira_dag.py for tasks to queue
[2024-04-10T13:23:38.823+0000] {logging_mixin.py:137} INFO - [2024-04-10T13:23:38.822+0000] {dagbag.py:538} INFO - Filling up the DagBag from /opt/airflow/dags/primeira_dag.py
[2024-04-10T13:23:38.893+0000] {processor.py:753} INFO - DAG(s) dict_keys(['primeira_dag']) retrieved from /opt/airflow/dags/primeira_dag.py
[2024-04-10T13:23:38.972+0000] {logging_mixin.py:137} INFO - [2024-04-10T13:23:38.972+0000] {dag.py:2690} INFO - Sync 1 DAGs
[2024-04-10T13:23:39.041+0000] {logging_mixin.py:137} INFO - [2024-04-10T13:23:39.041+0000] {dag.py:3441} INFO - Setting next_dagrun for primeira_dag to None, run_after=None
[2024-04-10T13:23:39.118+0000] {processor.py:175} INFO - Processing /opt/airflow/dags/primeira_dag.py took 0.310 seconds
[2024-04-10T13:24:09.239+0000] {processor.py:153} INFO - Started process (PID=4057) to work on /opt/airflow/dags/primeira_dag.py
[2024-04-10T13:24:09.242+0000] {processor.py:743} INFO - Processing file /opt/airflow/dags/primeira_dag.py for tasks to queue
[2024-04-10T13:24:09.244+0000] {logging_mixin.py:137} INFO - [2024-04-10T13:24:09.244+0000] {dagbag.py:538} INFO - Filling up the DagBag from /opt/airflow/dags/primeira_dag.py
[2024-04-10T13:24:09.357+0000] {processor.py:753} INFO - DAG(s) dict_keys(['primeira_dag']) retrieved from /opt/airflow/dags/primeira_dag.py
[2024-04-10T13:24:09.547+0000] {logging_mixin.py:137} INFO - [2024-04-10T13:24:09.546+0000] {dag.py:2690} INFO - Sync 1 DAGs
[2024-04-10T13:24:09.771+0000] {logging_mixin.py:137} INFO - [2024-04-10T13:24:09.771+0000] {dag.py:3441} INFO - Setting next_dagrun for primeira_dag to None, run_after=None
[2024-04-10T13:24:09.878+0000] {processor.py:175} INFO - Processing /opt/airflow/dags/primeira_dag.py took 0.670 seconds
[2024-04-10T13:24:39.985+0000] {processor.py:153} INFO - Started process (PID=4074) to work on /opt/airflow/dags/primeira_dag.py
[2024-04-10T13:24:39.987+0000] {processor.py:743} INFO - Processing file /opt/airflow/dags/primeira_dag.py for tasks to queue
[2024-04-10T13:24:39.990+0000] {logging_mixin.py:137} INFO - [2024-04-10T13:24:39.989+0000] {dagbag.py:538} INFO - Filling up the DagBag from /opt/airflow/dags/primeira_dag.py
[2024-04-10T13:24:40.016+0000] {processor.py:753} INFO - DAG(s) dict_keys(['primeira_dag']) retrieved from /opt/airflow/dags/primeira_dag.py
[2024-04-10T13:24:40.062+0000] {logging_mixin.py:137} INFO - [2024-04-10T13:24:40.062+0000] {dag.py:2690} INFO - Sync 1 DAGs
[2024-04-10T13:24:40.130+0000] {logging_mixin.py:137} INFO - [2024-04-10T13:24:40.130+0000] {dag.py:3441} INFO - Setting next_dagrun for primeira_dag to None, run_after=None
[2024-04-10T13:24:40.182+0000] {processor.py:175} INFO - Processing /opt/airflow/dags/primeira_dag.py took 0.203 seconds
[2024-04-10T13:25:10.368+0000] {processor.py:153} INFO - Started process (PID=4101) to work on /opt/airflow/dags/primeira_dag.py
[2024-04-10T13:25:10.378+0000] {processor.py:743} INFO - Processing file /opt/airflow/dags/primeira_dag.py for tasks to queue
[2024-04-10T13:25:10.380+0000] {logging_mixin.py:137} INFO - [2024-04-10T13:25:10.380+0000] {dagbag.py:538} INFO - Filling up the DagBag from /opt/airflow/dags/primeira_dag.py
[2024-04-10T13:25:10.426+0000] {processor.py:753} INFO - DAG(s) dict_keys(['primeira_dag']) retrieved from /opt/airflow/dags/primeira_dag.py
[2024-04-10T13:25:10.512+0000] {logging_mixin.py:137} INFO - [2024-04-10T13:25:10.512+0000] {dag.py:2690} INFO - Sync 1 DAGs
[2024-04-10T13:25:10.590+0000] {logging_mixin.py:137} INFO - [2024-04-10T13:25:10.590+0000] {dag.py:3441} INFO - Setting next_dagrun for primeira_dag to None, run_after=None
[2024-04-10T13:25:10.636+0000] {processor.py:175} INFO - Processing /opt/airflow/dags/primeira_dag.py took 0.275 seconds
[2024-04-10T13:25:41.048+0000] {processor.py:153} INFO - Started process (PID=4117) to work on /opt/airflow/dags/primeira_dag.py
[2024-04-10T13:25:41.052+0000] {processor.py:743} INFO - Processing file /opt/airflow/dags/primeira_dag.py for tasks to queue
[2024-04-10T13:25:41.054+0000] {logging_mixin.py:137} INFO - [2024-04-10T13:25:41.053+0000] {dagbag.py:538} INFO - Filling up the DagBag from /opt/airflow/dags/primeira_dag.py
[2024-04-10T13:25:41.124+0000] {processor.py:753} INFO - DAG(s) dict_keys(['primeira_dag']) retrieved from /opt/airflow/dags/primeira_dag.py
[2024-04-10T13:25:41.225+0000] {logging_mixin.py:137} INFO - [2024-04-10T13:25:41.225+0000] {dag.py:2690} INFO - Sync 1 DAGs
[2024-04-10T13:25:41.287+0000] {logging_mixin.py:137} INFO - [2024-04-10T13:25:41.287+0000] {dag.py:3441} INFO - Setting next_dagrun for primeira_dag to None, run_after=None
[2024-04-10T13:25:41.325+0000] {processor.py:175} INFO - Processing /opt/airflow/dags/primeira_dag.py took 0.285 seconds
[2024-04-10T13:26:11.742+0000] {processor.py:153} INFO - Started process (PID=4141) to work on /opt/airflow/dags/primeira_dag.py
[2024-04-10T13:26:11.755+0000] {processor.py:743} INFO - Processing file /opt/airflow/dags/primeira_dag.py for tasks to queue
[2024-04-10T13:26:11.758+0000] {logging_mixin.py:137} INFO - [2024-04-10T13:26:11.757+0000] {dagbag.py:538} INFO - Filling up the DagBag from /opt/airflow/dags/primeira_dag.py
[2024-04-10T13:26:11.851+0000] {processor.py:753} INFO - DAG(s) dict_keys(['primeira_dag']) retrieved from /opt/airflow/dags/primeira_dag.py
[2024-04-10T13:26:11.971+0000] {logging_mixin.py:137} INFO - [2024-04-10T13:26:11.970+0000] {dag.py:2690} INFO - Sync 1 DAGs
[2024-04-10T13:26:12.106+0000] {logging_mixin.py:137} INFO - [2024-04-10T13:26:12.105+0000] {dag.py:3441} INFO - Setting next_dagrun for primeira_dag to None, run_after=None
[2024-04-10T13:26:12.175+0000] {processor.py:175} INFO - Processing /opt/airflow/dags/primeira_dag.py took 0.439 seconds
[2024-04-10T13:26:42.974+0000] {processor.py:153} INFO - Started process (PID=4159) to work on /opt/airflow/dags/primeira_dag.py
[2024-04-10T13:26:42.994+0000] {processor.py:743} INFO - Processing file /opt/airflow/dags/primeira_dag.py for tasks to queue
[2024-04-10T13:26:42.997+0000] {logging_mixin.py:137} INFO - [2024-04-10T13:26:42.997+0000] {dagbag.py:538} INFO - Filling up the DagBag from /opt/airflow/dags/primeira_dag.py
[2024-04-10T13:26:43.769+0000] {processor.py:753} INFO - DAG(s) dict_keys(['primeira_dag']) retrieved from /opt/airflow/dags/primeira_dag.py
[2024-04-10T13:26:46.878+0000] {logging_mixin.py:137} INFO - [2024-04-10T13:26:46.846+0000] {dag.py:2690} INFO - Sync 1 DAGs
[2024-04-10T13:26:48.342+0000] {logging_mixin.py:137} INFO - [2024-04-10T13:26:48.322+0000] {dag.py:3441} INFO - Setting next_dagrun for primeira_dag to None, run_after=None
[2024-04-10T13:26:48.583+0000] {processor.py:175} INFO - Processing /opt/airflow/dags/primeira_dag.py took 5.618 seconds
[2024-04-10T13:27:19.100+0000] {processor.py:153} INFO - Started process (PID=4186) to work on /opt/airflow/dags/primeira_dag.py
[2024-04-10T13:27:19.104+0000] {processor.py:743} INFO - Processing file /opt/airflow/dags/primeira_dag.py for tasks to queue
[2024-04-10T13:27:19.106+0000] {logging_mixin.py:137} INFO - [2024-04-10T13:27:19.106+0000] {dagbag.py:538} INFO - Filling up the DagBag from /opt/airflow/dags/primeira_dag.py
[2024-04-10T13:27:19.206+0000] {processor.py:753} INFO - DAG(s) dict_keys(['primeira_dag']) retrieved from /opt/airflow/dags/primeira_dag.py
[2024-04-10T13:27:19.462+0000] {logging_mixin.py:137} INFO - [2024-04-10T13:27:19.462+0000] {dag.py:2690} INFO - Sync 1 DAGs
[2024-04-10T13:27:19.566+0000] {logging_mixin.py:137} INFO - [2024-04-10T13:27:19.565+0000] {dag.py:3441} INFO - Setting next_dagrun for primeira_dag to None, run_after=None
[2024-04-10T13:27:19.636+0000] {processor.py:175} INFO - Processing /opt/airflow/dags/primeira_dag.py took 0.548 seconds
[2024-04-10T13:27:49.878+0000] {processor.py:153} INFO - Started process (PID=4202) to work on /opt/airflow/dags/primeira_dag.py
[2024-04-10T13:27:49.880+0000] {processor.py:743} INFO - Processing file /opt/airflow/dags/primeira_dag.py for tasks to queue
[2024-04-10T13:27:49.882+0000] {logging_mixin.py:137} INFO - [2024-04-10T13:27:49.881+0000] {dagbag.py:538} INFO - Filling up the DagBag from /opt/airflow/dags/primeira_dag.py
[2024-04-10T13:27:49.965+0000] {processor.py:753} INFO - DAG(s) dict_keys(['primeira_dag']) retrieved from /opt/airflow/dags/primeira_dag.py
[2024-04-10T13:27:50.080+0000] {logging_mixin.py:137} INFO - [2024-04-10T13:27:50.080+0000] {dag.py:2690} INFO - Sync 1 DAGs
[2024-04-10T13:27:50.143+0000] {logging_mixin.py:137} INFO - [2024-04-10T13:27:50.142+0000] {dag.py:3441} INFO - Setting next_dagrun for primeira_dag to None, run_after=None
[2024-04-10T13:27:50.197+0000] {processor.py:175} INFO - Processing /opt/airflow/dags/primeira_dag.py took 0.326 seconds
[2024-04-10T13:28:20.484+0000] {processor.py:153} INFO - Started process (PID=4229) to work on /opt/airflow/dags/primeira_dag.py
[2024-04-10T13:28:20.488+0000] {processor.py:743} INFO - Processing file /opt/airflow/dags/primeira_dag.py for tasks to queue
[2024-04-10T13:28:20.490+0000] {logging_mixin.py:137} INFO - [2024-04-10T13:28:20.490+0000] {dagbag.py:538} INFO - Filling up the DagBag from /opt/airflow/dags/primeira_dag.py
[2024-04-10T13:28:20.624+0000] {processor.py:753} INFO - DAG(s) dict_keys(['primeira_dag']) retrieved from /opt/airflow/dags/primeira_dag.py
[2024-04-10T13:28:20.835+0000] {logging_mixin.py:137} INFO - [2024-04-10T13:28:20.834+0000] {dag.py:2690} INFO - Sync 1 DAGs
[2024-04-10T13:28:20.954+0000] {logging_mixin.py:137} INFO - [2024-04-10T13:28:20.953+0000] {dag.py:3441} INFO - Setting next_dagrun for primeira_dag to None, run_after=None
[2024-04-10T13:28:21.020+0000] {processor.py:175} INFO - Processing /opt/airflow/dags/primeira_dag.py took 0.542 seconds
[2024-04-10T13:28:51.056+0000] {processor.py:153} INFO - Started process (PID=4250) to work on /opt/airflow/dags/primeira_dag.py
[2024-04-10T13:28:51.058+0000] {processor.py:743} INFO - Processing file /opt/airflow/dags/primeira_dag.py for tasks to queue
[2024-04-10T13:28:51.060+0000] {logging_mixin.py:137} INFO - [2024-04-10T13:28:51.060+0000] {dagbag.py:538} INFO - Filling up the DagBag from /opt/airflow/dags/primeira_dag.py
[2024-04-10T13:28:51.091+0000] {processor.py:753} INFO - DAG(s) dict_keys(['primeira_dag']) retrieved from /opt/airflow/dags/primeira_dag.py
[2024-04-10T13:28:51.145+0000] {logging_mixin.py:137} INFO - [2024-04-10T13:28:51.145+0000] {dag.py:2690} INFO - Sync 1 DAGs
[2024-04-10T13:28:51.207+0000] {logging_mixin.py:137} INFO - [2024-04-10T13:28:51.207+0000] {dag.py:3441} INFO - Setting next_dagrun for primeira_dag to None, run_after=None
[2024-04-10T13:28:51.249+0000] {processor.py:175} INFO - Processing /opt/airflow/dags/primeira_dag.py took 0.201 seconds
