[2024-04-10T12:45:41.894+0000] {taskinstance.py:1083} INFO - Dependencies all met for <TaskInstance: primeira_dag.task1 manual__2024-04-10T12:45:39.090136+00:00 [queued]>
[2024-04-10T12:45:41.923+0000] {taskinstance.py:1083} INFO - Dependencies all met for <TaskInstance: primeira_dag.task1 manual__2024-04-10T12:45:39.090136+00:00 [queued]>
[2024-04-10T12:45:41.924+0000] {taskinstance.py:1279} INFO - 
--------------------------------------------------------------------------------
[2024-04-10T12:45:41.924+0000] {taskinstance.py:1280} INFO - Starting attempt 1 of 1
[2024-04-10T12:45:41.924+0000] {taskinstance.py:1281} INFO - 
--------------------------------------------------------------------------------
[2024-04-10T12:45:41.960+0000] {taskinstance.py:1300} INFO - Executing <Task(BashOperator): task1> on 2024-04-10 12:45:39.090136+00:00
[2024-04-10T12:45:41.969+0000] {standard_task_runner.py:55} INFO - Started process 2362 to run task
[2024-04-10T12:45:41.975+0000] {standard_task_runner.py:82} INFO - Running: ['***', 'tasks', 'run', 'primeira_dag', 'task1', 'manual__2024-04-10T12:45:39.090136+00:00', '--job-id', '56', '--raw', '--subdir', 'DAGS_FOLDER/teste2.py', '--cfg-path', '/tmp/tmp92hwmi9f']
[2024-04-10T12:45:41.976+0000] {standard_task_runner.py:83} INFO - Job 56: Subtask task1
[2024-04-10T12:45:42.100+0000] {task_command.py:388} INFO - Running <TaskInstance: primeira_dag.task1 manual__2024-04-10T12:45:39.090136+00:00 [running]> on host 62ba7480f9ee
[2024-04-10T12:45:42.249+0000] {taskinstance.py:1509} INFO - Exporting the following env vars:
AIRFLOW_CTX_DAG_OWNER=***
AIRFLOW_CTX_DAG_ID=primeira_dag
AIRFLOW_CTX_TASK_ID=task1
AIRFLOW_CTX_EXECUTION_DATE=2024-04-10T12:45:39.090136+00:00
AIRFLOW_CTX_TRY_NUMBER=1
AIRFLOW_CTX_DAG_RUN_ID=manual__2024-04-10T12:45:39.090136+00:00
[2024-04-10T12:45:42.255+0000] {subprocess.py:63} INFO - Tmp dir root location: 
 /tmp
[2024-04-10T12:45:42.256+0000] {subprocess.py:75} INFO - Running command: ['/bin/bash', '-c', 'sleep 5']
[2024-04-10T12:45:42.279+0000] {subprocess.py:86} INFO - Output:
[2024-04-10T12:45:47.301+0000] {subprocess.py:97} INFO - Command exited with return code 0
[2024-04-10T12:45:47.570+0000] {taskinstance.py:1323} INFO - Marking task as SUCCESS. dag_id=primeira_dag, task_id=task1, execution_date=20240410T124539, start_date=20240410T124541, end_date=20240410T124547
[2024-04-10T12:45:47.737+0000] {local_task_job.py:208} INFO - Task exited with return code 0
[2024-04-10T12:45:48.019+0000] {taskinstance.py:2578} INFO - 1 downstream tasks scheduled from follow-on schedule check
